<?xml version="1.0" encoding="utf-8"?><testsuites><testsuite name="pytest" errors="0" failures="45" skipped="5" tests="423" time="33.505" timestamp="2026-02-13T00:44:58.249252" hostname="70459d8e9db8"><testcase classname="tests.e2e.test_complete_interview_flow.TestCompleteInterviewFlow" name="test_complete_interview_session_flow" time="0.226"><failure message="app.exceptions.AIServiceError: Failed to create interview session: (psycopg2.errors.ForeignKeyViolation) insert or update on table &quot;interview_sessions&quot; violates foreign key constraint &quot;interview_sessions_user_id_fkey&quot;&#10;DETAIL:  Key (user_id)=(d9ddb46f-9ce6-4754-9249-4d7dab9c922c) is not present in table &quot;users&quot;.&#10;&#10;[SQL: INSERT INTO interview_sessions (id, user_id, mode, role, job_description, scenario_id, question_source, job_context, status, total_questions, completed_questions, created_at, updated_at) VALUES (%(id)s::UUID, %(user_id)s::UUID, %(mode)s, %(role)s, %(job_description)s, %(scenario_id)s, %(question_source)s, %(job_context)s::JSONB, %(status)s, %(total_questions)s, %(completed_questions)s, %(created_at)s, %(updated_at)s)]&#10;[parameters: {'id': UUID('45df3088-4d96-4cc9-a452-bf0455516c98'), 'user_id': UUID('d9ddb46f-9ce6-4754-9249-4d7dab9c922c'), 'mode': 'interview', 'role': 'Senior Python Developer', 'job_description': 'We are looking for a Senior Python Developer with 5+ years of experience in Django, Flask, and API development. The ideal candidate should have strong debugging skills and experience with database optimization.', 'scenario_id': None, 'question_source': 'generated', 'job_context': '{&quot;title&quot;: &quot;Senior Python Developer&quot;}', 'status': 'active', 'total_questions': 0, 'completed_questions': 0, 'created_at': datetime.datetime(2026, 2, 13, 0, 44, 58, 983088), 'updated_at': datetime.datetime(2026, 2, 13, 0, 44, 58, 983089)}]&#10;(Background on this error at: https://sqlalche.me/e/20/gkpj)">self = &lt;sqlalchemy.engine.base.Connection object at 0xffff721ff110&gt;, dialect = &lt;sqlalchemy.dialects.postgresql.psycopg2.PGDialect_psycopg2 object at 0xffff734ab9d0&gt;
context = &lt;sqlalchemy.dialects.postgresql.psycopg2.PGExecutionContext_psycopg2 object at 0xffff721fdd50&gt;, statement = &lt;sqlalchemy.dialects.postgresql.base.PGCompiler object at 0xffff71fe8d10&gt;
parameters = [{'completed_questions': 0, 'created_at': datetime.datetime(2026, 2, 13, 0, 44, 58, 983088), 'id': UUID('45df3088-4d96-4cc9-a452-bf0455516c98'), 'job_context': '{"title": "Senior Python Developer"}', ...}]

    def _exec_single_context(
        self,
        dialect: Dialect,
        context: ExecutionContext,
        statement: Union[str, Compiled],
        parameters: Optional[_AnyMultiExecuteParams],
    ) -&gt; CursorResult[Any]:
        """continue the _execute_context() method for a single DBAPI
        cursor.execute() or cursor.executemany() call.
    
        """
        if dialect.bind_typing is BindTyping.SETINPUTSIZES:
            generic_setinputsizes = context._prepare_set_input_sizes()
    
            if generic_setinputsizes:
                try:
                    dialect.do_set_input_sizes(
                        context.cursor, generic_setinputsizes, context
                    )
                except BaseException as e:
                    self._handle_dbapi_exception(
                        e, str(statement), parameters, None, context
                    )
    
        cursor, str_statement, parameters = (
            context.cursor,
            context.statement,
            context.parameters,
        )
    
        effective_parameters: Optional[_AnyExecuteParams]
    
        if not context.executemany:
            effective_parameters = parameters[0]
        else:
            effective_parameters = parameters
    
        if self._has_events or self.engine._has_events:
            for fn in self.dispatch.before_cursor_execute:
                str_statement, effective_parameters = fn(
                    self,
                    cursor,
                    str_statement,
                    effective_parameters,
                    context,
                    context.executemany,
                )
    
        if self._echo:
            self._log_info(str_statement)
    
            stats = context._get_cache_stats()
    
            if not self.engine.hide_parameters:
                self._log_info(
                    "[%s] %r",
                    stats,
                    sql_util._repr_params(
                        effective_parameters,
                        batches=10,
                        ismulti=context.executemany,
                    ),
                )
            else:
                self._log_info(
                    "[%s] [SQL parameters hidden due to hide_parameters=True]",
                    stats,
                )
    
        evt_handled: bool = False
        try:
            if context.execute_style is ExecuteStyle.EXECUTEMANY:
                effective_parameters = cast(
                    "_CoreMultiExecuteParams", effective_parameters
                )
                if self.dialect._has_events:
                    for fn in self.dialect.dispatch.do_executemany:
                        if fn(
                            cursor,
                            str_statement,
                            effective_parameters,
                            context,
                        ):
                            evt_handled = True
                            break
                if not evt_handled:
                    self.dialect.do_executemany(
                        cursor,
                        str_statement,
                        effective_parameters,
                        context,
                    )
            elif not effective_parameters and context.no_parameters:
                if self.dialect._has_events:
                    for fn in self.dialect.dispatch.do_execute_no_params:
                        if fn(cursor, str_statement, context):
                            evt_handled = True
                            break
                if not evt_handled:
                    self.dialect.do_execute_no_params(
                        cursor, str_statement, context
                    )
            else:
                effective_parameters = cast(
                    "_CoreSingleExecuteParams", effective_parameters
                )
                if self.dialect._has_events:
                    for fn in self.dialect.dispatch.do_execute:
                        if fn(
                            cursor,
                            str_statement,
                            effective_parameters,
                            context,
                        ):
                            evt_handled = True
                            break
                if not evt_handled:
&gt;                   self.dialect.do_execute(
                        cursor, str_statement, effective_parameters, context
                    )

/usr/local/lib/python3.11/site-packages/sqlalchemy/engine/base.py:1967: 
_ _ _ _ _ _ _ _ _ _ _ _ _ _ _ _ _ _ _ _ _ _ _ _ _ _ _ _ _ _ _ _ _ _ _ _ _ _ _ _ _ _ _ _ _ _ _ _ _ _ _ _ _ _ _ _ _ _ _ _ _ _ _ _ _ _ _ _ _ _ _ _ _ _ _ _ _ _ _ _ _ _ _ _ _ _ _ _ _ _ _ _ _ _ _ _ _ _ _ _ 

self = &lt;sqlalchemy.dialects.postgresql.psycopg2.PGDialect_psycopg2 object at 0xffff734ab9d0&gt;, cursor = &lt;cursor object at 0xffff72123970; closed: -1&gt;
statement = 'INSERT INTO interview_sessions (id, user_id, mode, role, job_description, scenario_id, question_source, job_context, ...e)s, %(job_context)s::JSONB, %(status)s, %(total_questions)s, %(completed_questions)s, %(created_at)s, %(updated_at)s)'
parameters = {'completed_questions': 0, 'created_at': datetime.datetime(2026, 2, 13, 0, 44, 58, 983088), 'id': UUID('45df3088-4d96-4cc9-a452-bf0455516c98'), 'job_context': '{"title": "Senior Python Developer"}', ...}
context = &lt;sqlalchemy.dialects.postgresql.psycopg2.PGExecutionContext_psycopg2 object at 0xffff721fdd50&gt;

    def do_execute(self, cursor, statement, parameters, context=None):
&gt;       cursor.execute(statement, parameters)
E       psycopg2.errors.ForeignKeyViolation: insert or update on table "interview_sessions" violates foreign key constraint "interview_sessions_user_id_fkey"
E       DETAIL:  Key (user_id)=(d9ddb46f-9ce6-4754-9249-4d7dab9c922c) is not present in table "users".

/usr/local/lib/python3.11/site-packages/sqlalchemy/engine/default.py:952: ForeignKeyViolation

The above exception was the direct cause of the following exception:

self = &lt;app.services.session_service.SessionService object at 0xffff729e7090&gt;, user_id = UUID('d9ddb46f-9ce6-4754-9249-4d7dab9c922c'), role = 'Senior Python Developer'
job_description = 'We are looking for a Senior Python Developer with 5+ years of experience in Django, Flask, and API development. The ideal candidate should have strong debugging skills and experience with database optimization.'
title = 'Senior Python Developer', mode = 'interview'

    async def create_session(
        self,
        user_id: Union[int, str],
        role: str,
        job_description: str,
        title: Optional[str] = None,
        mode: str = "interview"
    ) -&gt; InterviewSession:
        """Create a new interview session (works for both sync and async)."""
        try:
            session_data = {
                "id": uuid.uuid4(),
                "user_id": user_id,
                "role": role,
                "job_description": job_description or "",
                "mode": mode,
                "question_source": "generated",
                "status": "active",
                "created_at": datetime.utcnow(),
                "updated_at": datetime.utcnow()
            }
            if title:
                session_data["job_context"] = {"title": title}
    
            session = InterviewSession(**session_data)
            self.db_session.add(session)
            if self.is_async:
                await self.db_session.commit()
                await self.db_session.refresh(session)
            else:
&gt;               self.db_session.commit()

app/services/session_service.py:62: 
_ _ _ _ _ _ _ _ _ _ _ _ _ _ _ _ _ _ _ _ _ _ _ _ _ _ _ _ _ _ _ _ _ _ _ _ _ _ _ _ _ _ _ _ _ _ _ _ _ _ _ _ _ _ _ _ _ _ _ _ _ _ _ _ _ _ _ _ _ _ _ _ _ _ _ _ _ _ _ _ _ _ _ _ _ _ _ _ _ _ _ _ _ _ _ _ _ _ _ _ 
/usr/local/lib/python3.11/site-packages/sqlalchemy/orm/session.py:2030: in commit
    trans.commit(_to_root=True)
/usr/local/lib/python3.11/site-packages/sqlalchemy/orm/state_changes.py:137: in _go
    ret_value = fn(self, *arg, **kw)
/usr/local/lib/python3.11/site-packages/sqlalchemy/orm/session.py:1311: in commit
    self._prepare_impl()
/usr/local/lib/python3.11/site-packages/sqlalchemy/orm/state_changes.py:137: in _go
    ret_value = fn(self, *arg, **kw)
/usr/local/lib/python3.11/site-packages/sqlalchemy/orm/session.py:1286: in _prepare_impl
    self.session.flush()
/usr/local/lib/python3.11/site-packages/sqlalchemy/orm/session.py:4331: in flush
    self._flush(objects)
/usr/local/lib/python3.11/site-packages/sqlalchemy/orm/session.py:4466: in _flush
    with util.safe_reraise():
/usr/local/lib/python3.11/site-packages/sqlalchemy/util/langhelpers.py:224: in __exit__
    raise exc_value.with_traceback(exc_tb)
/usr/local/lib/python3.11/site-packages/sqlalchemy/orm/session.py:4427: in _flush
    flush_context.execute()
/usr/local/lib/python3.11/site-packages/sqlalchemy/orm/unitofwork.py:466: in execute
    rec.execute(self)
/usr/local/lib/python3.11/site-packages/sqlalchemy/orm/unitofwork.py:642: in execute
    util.preloaded.orm_persistence.save_obj(
/usr/local/lib/python3.11/site-packages/sqlalchemy/orm/persistence.py:93: in save_obj
    _emit_insert_statements(
/usr/local/lib/python3.11/site-packages/sqlalchemy/orm/persistence.py:1048: in _emit_insert_statements
    result = connection.execute(
/usr/local/lib/python3.11/site-packages/sqlalchemy/engine/base.py:1419: in execute
    return meth(
/usr/local/lib/python3.11/site-packages/sqlalchemy/sql/elements.py:527: in _execute_on_connection
    return connection._execute_clauseelement(
/usr/local/lib/python3.11/site-packages/sqlalchemy/engine/base.py:1641: in _execute_clauseelement
    ret = self._execute_context(
/usr/local/lib/python3.11/site-packages/sqlalchemy/engine/base.py:1846: in _execute_context
    return self._exec_single_context(
/usr/local/lib/python3.11/site-packages/sqlalchemy/engine/base.py:1986: in _exec_single_context
    self._handle_dbapi_exception(
/usr/local/lib/python3.11/site-packages/sqlalchemy/engine/base.py:2363: in _handle_dbapi_exception
    raise sqlalchemy_exception.with_traceback(exc_info[2]) from e
/usr/local/lib/python3.11/site-packages/sqlalchemy/engine/base.py:1967: in _exec_single_context
    self.dialect.do_execute(
_ _ _ _ _ _ _ _ _ _ _ _ _ _ _ _ _ _ _ _ _ _ _ _ _ _ _ _ _ _ _ _ _ _ _ _ _ _ _ _ _ _ _ _ _ _ _ _ _ _ _ _ _ _ _ _ _ _ _ _ _ _ _ _ _ _ _ _ _ _ _ _ _ _ _ _ _ _ _ _ _ _ _ _ _ _ _ _ _ _ _ _ _ _ _ _ _ _ _ _ 

self = &lt;sqlalchemy.dialects.postgresql.psycopg2.PGDialect_psycopg2 object at 0xffff734ab9d0&gt;, cursor = &lt;cursor object at 0xffff72123970; closed: -1&gt;
statement = 'INSERT INTO interview_sessions (id, user_id, mode, role, job_description, scenario_id, question_source, job_context, ...e)s, %(job_context)s::JSONB, %(status)s, %(total_questions)s, %(completed_questions)s, %(created_at)s, %(updated_at)s)'
parameters = {'completed_questions': 0, 'created_at': datetime.datetime(2026, 2, 13, 0, 44, 58, 983088), 'id': UUID('45df3088-4d96-4cc9-a452-bf0455516c98'), 'job_context': '{"title": "Senior Python Developer"}', ...}
context = &lt;sqlalchemy.dialects.postgresql.psycopg2.PGExecutionContext_psycopg2 object at 0xffff721fdd50&gt;

    def do_execute(self, cursor, statement, parameters, context=None):
&gt;       cursor.execute(statement, parameters)
E       sqlalchemy.exc.IntegrityError: (psycopg2.errors.ForeignKeyViolation) insert or update on table "interview_sessions" violates foreign key constraint "interview_sessions_user_id_fkey"
E       DETAIL:  Key (user_id)=(d9ddb46f-9ce6-4754-9249-4d7dab9c922c) is not present in table "users".
E       
E       [SQL: INSERT INTO interview_sessions (id, user_id, mode, role, job_description, scenario_id, question_source, job_context, status, total_questions, completed_questions, created_at, updated_at) VALUES (%(id)s::UUID, %(user_id)s::UUID, %(mode)s, %(role)s, %(job_description)s, %(scenario_id)s, %(question_source)s, %(job_context)s::JSONB, %(status)s, %(total_questions)s, %(completed_questions)s, %(created_at)s, %(updated_at)s)]
E       [parameters: {'id': UUID('45df3088-4d96-4cc9-a452-bf0455516c98'), 'user_id': UUID('d9ddb46f-9ce6-4754-9249-4d7dab9c922c'), 'mode': 'interview', 'role': 'Senior Python Developer', 'job_description': 'We are looking for a Senior Python Developer with 5+ years of experience in Django, Flask, and API development. The ideal candidate should have strong debugging skills and experience with database optimization.', 'scenario_id': None, 'question_source': 'generated', 'job_context': '{"title": "Senior Python Developer"}', 'status': 'active', 'total_questions': 0, 'completed_questions': 0, 'created_at': datetime.datetime(2026, 2, 13, 0, 44, 58, 983088), 'updated_at': datetime.datetime(2026, 2, 13, 0, 44, 58, 983089)}]
E       (Background on this error at: https://sqlalche.me/e/20/gkpj)

/usr/local/lib/python3.11/site-packages/sqlalchemy/engine/default.py:952: IntegrityError

The above exception was the direct cause of the following exception:

self = &lt;tests.e2e.test_complete_interview_flow.TestCompleteInterviewFlow object at 0xffff73507190&gt;, client = &lt;starlette.testclient.TestClient object at 0xffff723e4410&gt;
sample_user = &lt;User(id=d9ddb46f-9ce6-4754-9249-4d7dab9c922c, email=test-06049737@example.com, name=Test User)&gt;, mock_ai_client = &lt;AsyncMock id='281472600424848'&gt;
override_auth = &lt;function override_auth.&lt;locals&gt;._override at 0xffff721d5bc0&gt;, override_ai_client = &lt;function override_ai_client.&lt;locals&gt;._override at 0xffff721d62a0&gt;

    @pytest.mark.e2e
    def test_complete_interview_session_flow(self, client, sample_user, mock_ai_client, override_auth, override_ai_client):
        """Test complete interview session flow from creation to completion."""
        override_auth({"id": sample_user.id, "email": sample_user.email, "is_admin": False})
        override_ai_client(mock_ai_client)
    
        # Step 1: Create interview session
        session_data = {
            "user_id": str(sample_user.id),
            "mode": "interview",
            "role": "Senior Python Developer",
            "job_title": "Senior Python Developer",
            "job_description": "We are looking for a Senior Python Developer with 5+ years of experience in Django, Flask, and API development. The ideal candidate should have strong debugging skills and experience with database optimization."
        }
    
        # Create session
&gt;       create_response = client.post("/api/v1/sessions/", json=session_data)

tests/e2e/test_complete_interview_flow.py:30: 
_ _ _ _ _ _ _ _ _ _ _ _ _ _ _ _ _ _ _ _ _ _ _ _ _ _ _ _ _ _ _ _ _ _ _ _ _ _ _ _ _ _ _ _ _ _ _ _ _ _ _ _ _ _ _ _ _ _ _ _ _ _ _ _ _ _ _ _ _ _ _ _ _ _ _ _ _ _ _ _ _ _ _ _ _ _ _ _ _ _ _ _ _ _ _ _ _ _ _ _ 
/usr/local/lib/python3.11/site-packages/starlette/testclient.py:546: in post
    return super().post(
/usr/local/lib/python3.11/site-packages/httpx/_client.py:1132: in post
    return self.request(
/usr/local/lib/python3.11/site-packages/starlette/testclient.py:445: in request
    return super().request(
/usr/local/lib/python3.11/site-packages/httpx/_client.py:814: in request
    return self.send(request, auth=auth, follow_redirects=follow_redirects)
/usr/local/lib/python3.11/site-packages/httpx/_client.py:901: in send
    response = self._send_handling_auth(
/usr/local/lib/python3.11/site-packages/httpx/_client.py:929: in _send_handling_auth
    response = self._send_handling_redirects(
/usr/local/lib/python3.11/site-packages/httpx/_client.py:966: in _send_handling_redirects
    response = self._send_single_request(request)
/usr/local/lib/python3.11/site-packages/httpx/_client.py:1002: in _send_single_request
    response = transport.handle_request(request)
/usr/local/lib/python3.11/site-packages/starlette/testclient.py:348: in handle_request
    raise exc
/usr/local/lib/python3.11/site-packages/starlette/testclient.py:345: in handle_request
    portal.call(self.app, scope, receive, send)
/usr/local/lib/python3.11/site-packages/anyio/from_thread.py:334: in call
    return cast(T_Retval, self.start_task_soon(func, *args).result())
/usr/local/lib/python3.11/concurrent/futures/_base.py:456: in result
    return self.__get_result()
/usr/local/lib/python3.11/concurrent/futures/_base.py:401: in __get_result
    raise self._exception
/usr/local/lib/python3.11/site-packages/anyio/from_thread.py:259: in _call_func
    retval = await retval_or_awaitable
/usr/local/lib/python3.11/site-packages/fastapi/applications.py:1134: in __call__
    await super().__call__(scope, receive, send)
/usr/local/lib/python3.11/site-packages/starlette/applications.py:107: in __call__
    await self.middleware_stack(scope, receive, send)
/usr/local/lib/python3.11/site-packages/starlette/middleware/errors.py:186: in __call__
    raise exc
/usr/local/lib/python3.11/site-packages/starlette/middleware/errors.py:164: in __call__
    await self.app(scope, receive, _send)
/usr/local/lib/python3.11/site-packages/starlette/middleware/base.py:191: in __call__
    with recv_stream, send_stream, collapse_excgroups():
/usr/local/lib/python3.11/contextlib.py:158: in __exit__
    self.gen.throw(typ, value, traceback)
/usr/local/lib/python3.11/site-packages/starlette/_utils.py:87: in collapse_excgroups
    raise exc
/usr/local/lib/python3.11/site-packages/starlette/middleware/base.py:193: in __call__
    response = await self.dispatch_func(request, call_next)
app/middleware/rate_limiting_middleware.py:51: in dispatch
    return await call_next(request)
/usr/local/lib/python3.11/site-packages/starlette/middleware/base.py:168: in call_next
    raise app_exc from app_exc.__cause__ or app_exc.__context__
app/middleware/rate_limiting_middleware.py:40: in dispatch
    response = await call_next(request)
/usr/local/lib/python3.11/site-packages/starlette/middleware/base.py:168: in call_next
    raise app_exc from app_exc.__cause__ or app_exc.__context__
/usr/local/lib/python3.11/site-packages/starlette/middleware/base.py:144: in coro
    await self.app(scope, receive_or_disconnect, send_no_error)
/usr/local/lib/python3.11/site-packages/starlette/middleware/base.py:191: in __call__
    with recv_stream, send_stream, collapse_excgroups():
/usr/local/lib/python3.11/contextlib.py:158: in __exit__
    self.gen.throw(typ, value, traceback)
/usr/local/lib/python3.11/site-packages/starlette/_utils.py:87: in collapse_excgroups
    raise exc
/usr/local/lib/python3.11/site-packages/starlette/middleware/base.py:193: in __call__
    response = await self.dispatch_func(request, call_next)
app/main.py:179: in logging_middleware
    return await log_requests(request, call_next)
app/middleware/logging_middleware.py:29: in log_requests
    response = await call_next(request)
/usr/local/lib/python3.11/site-packages/starlette/middleware/base.py:168: in call_next
    raise app_exc from app_exc.__cause__ or app_exc.__context__
/usr/local/lib/python3.11/site-packages/starlette/middleware/base.py:144: in coro
    await self.app(scope, receive_or_disconnect, send_no_error)
/usr/local/lib/python3.11/site-packages/starlette/middleware/base.py:191: in __call__
    with recv_stream, send_stream, collapse_excgroups():
/usr/local/lib/python3.11/contextlib.py:158: in __exit__
    self.gen.throw(typ, value, traceback)
/usr/local/lib/python3.11/site-packages/starlette/_utils.py:87: in collapse_excgroups
    raise exc
/usr/local/lib/python3.11/site-packages/starlette/middleware/base.py:193: in __call__
    response = await self.dispatch_func(request, call_next)
app/middleware/security_middleware.py:23: in dispatch
    response = await call_next(request)
/usr/local/lib/python3.11/site-packages/starlette/middleware/base.py:168: in call_next
    raise app_exc from app_exc.__cause__ or app_exc.__context__
/usr/local/lib/python3.11/site-packages/starlette/middleware/base.py:144: in coro
    await self.app(scope, receive_or_disconnect, send_no_error)
/usr/local/lib/python3.11/site-packages/starlette/middleware/base.py:191: in __call__
    with recv_stream, send_stream, collapse_excgroups():
/usr/local/lib/python3.11/contextlib.py:158: in __exit__
    self.gen.throw(typ, value, traceback)
/usr/local/lib/python3.11/site-packages/starlette/_utils.py:87: in collapse_excgroups
    raise exc
/usr/local/lib/python3.11/site-packages/starlette/middleware/base.py:193: in __call__
    response = await self.dispatch_func(request, call_next)
app/middleware/file_upload_middleware.py:222: in dispatch
    return await call_next(request)
/usr/local/lib/python3.11/site-packages/starlette/middleware/base.py:168: in call_next
    raise app_exc from app_exc.__cause__ or app_exc.__context__
/usr/local/lib/python3.11/site-packages/starlette/middleware/base.py:144: in coro
    await self.app(scope, receive_or_disconnect, send_no_error)
/usr/local/lib/python3.11/site-packages/starlette/middleware/base.py:191: in __call__
    with recv_stream, send_stream, collapse_excgroups():
/usr/local/lib/python3.11/contextlib.py:158: in __exit__
    self.gen.throw(typ, value, traceback)
/usr/local/lib/python3.11/site-packages/starlette/_utils.py:87: in collapse_excgroups
    raise exc
/usr/local/lib/python3.11/site-packages/starlette/middleware/base.py:193: in __call__
    response = await self.dispatch_func(request, call_next)
app/middleware/file_upload_middleware.py:139: in dispatch
    return await call_next(request)
/usr/local/lib/python3.11/site-packages/starlette/middleware/base.py:168: in call_next
    raise app_exc from app_exc.__cause__ or app_exc.__context__
/usr/local/lib/python3.11/site-packages/starlette/middleware/base.py:144: in coro
    await self.app(scope, receive_or_disconnect, send_no_error)
/usr/local/lib/python3.11/site-packages/starlette/middleware/base.py:191: in __call__
    with recv_stream, send_stream, collapse_excgroups():
/usr/local/lib/python3.11/contextlib.py:158: in __exit__
    self.gen.throw(typ, value, traceback)
/usr/local/lib/python3.11/site-packages/starlette/_utils.py:87: in collapse_excgroups
    raise exc
/usr/local/lib/python3.11/site-packages/starlette/middleware/base.py:193: in __call__
    response = await self.dispatch_func(request, call_next)
app/middleware/file_upload_middleware.py:30: in dispatch
    return await call_next(request)
/usr/local/lib/python3.11/site-packages/starlette/middleware/base.py:168: in call_next
    raise app_exc from app_exc.__cause__ or app_exc.__context__
/usr/local/lib/python3.11/site-packages/starlette/middleware/base.py:144: in coro
    await self.app(scope, receive_or_disconnect, send_no_error)
/usr/local/lib/python3.11/site-packages/starlette/middleware/cors.py:87: in __call__
    await self.app(scope, receive, send)
/usr/local/lib/python3.11/site-packages/starlette/middleware/exceptions.py:63: in __call__
    await wrap_app_handling_exceptions(self.app, conn)(scope, receive, send)
/usr/local/lib/python3.11/site-packages/starlette/_exception_handler.py:53: in wrapped_app
    raise exc
/usr/local/lib/python3.11/site-packages/starlette/_exception_handler.py:42: in wrapped_app
    await app(scope, receive, sender)
/usr/local/lib/python3.11/site-packages/fastapi/middleware/asyncexitstack.py:18: in __call__
    await self.app(scope, receive, send)
/usr/local/lib/python3.11/site-packages/starlette/routing.py:716: in __call__
    await self.middleware_stack(scope, receive, send)
/usr/local/lib/python3.11/site-packages/starlette/routing.py:736: in app
    await route.handle(scope, receive, send)
/usr/local/lib/python3.11/site-packages/starlette/routing.py:290: in handle
    await self.app(scope, receive, send)
/usr/local/lib/python3.11/site-packages/fastapi/routing.py:119: in app
    await wrap_app_handling_exceptions(app, request)(scope, receive, send)
/usr/local/lib/python3.11/site-packages/starlette/_exception_handler.py:53: in wrapped_app
    raise exc
/usr/local/lib/python3.11/site-packages/starlette/_exception_handler.py:42: in wrapped_app
    await app(scope, receive, sender)
/usr/local/lib/python3.11/site-packages/fastapi/routing.py:105: in app
    response = await f(request)
/usr/local/lib/python3.11/site-packages/fastapi/routing.py:424: in app
    raw_response = await run_endpoint_function(
/usr/local/lib/python3.11/site-packages/fastapi/routing.py:312: in run_endpoint_function
    return await dependant.call(**values)
app/routers/sessions.py:40: in create_session
    session = await session_service.create_interview_session(
app/services/session_service.py:136: in create_interview_session
    return await self.create_session(
_ _ _ _ _ _ _ _ _ _ _ _ _ _ _ _ _ _ _ _ _ _ _ _ _ _ _ _ _ _ _ _ _ _ _ _ _ _ _ _ _ _ _ _ _ _ _ _ _ _ _ _ _ _ _ _ _ _ _ _ _ _ _ _ _ _ _ _ _ _ _ _ _ _ _ _ _ _ _ _ _ _ _ _ _ _ _ _ _ _ _ _ _ _ _ _ _ _ _ _ 

self = &lt;app.services.session_service.SessionService object at 0xffff729e7090&gt;, user_id = UUID('d9ddb46f-9ce6-4754-9249-4d7dab9c922c'), role = 'Senior Python Developer'
job_description = 'We are looking for a Senior Python Developer with 5+ years of experience in Django, Flask, and API development. The ideal candidate should have strong debugging skills and experience with database optimization.'
title = 'Senior Python Developer', mode = 'interview'

    async def create_session(
        self,
        user_id: Union[int, str],
        role: str,
        job_description: str,
        title: Optional[str] = None,
        mode: str = "interview"
    ) -&gt; InterviewSession:
        """Create a new interview session (works for both sync and async)."""
        try:
            session_data = {
                "id": uuid.uuid4(),
                "user_id": user_id,
                "role": role,
                "job_description": job_description or "",
                "mode": mode,
                "question_source": "generated",
                "status": "active",
                "created_at": datetime.utcnow(),
                "updated_at": datetime.utcnow()
            }
            if title:
                session_data["job_context"] = {"title": title}
    
            session = InterviewSession(**session_data)
            self.db_session.add(session)
            if self.is_async:
                await self.db_session.commit()
                await self.db_session.refresh(session)
            else:
                self.db_session.commit()
                self.db_session.refresh(session)
    
            logger.info(f"Created interview session {session.id} for user {user_id}")
            return session
    
        except Exception as e:
            if self.is_async:
                await self.db_session.rollback()
            else:
                self.db_session.rollback()
            logger.error(f"Error creating session: {e}")
&gt;           raise AIServiceError(f"Failed to create interview session: {e}")
E           app.exceptions.AIServiceError: Failed to create interview session: (psycopg2.errors.ForeignKeyViolation) insert or update on table "interview_sessions" violates foreign key constraint "interview_sessions_user_id_fkey"
E           DETAIL:  Key (user_id)=(d9ddb46f-9ce6-4754-9249-4d7dab9c922c) is not present in table "users".
E           
E           [SQL: INSERT INTO interview_sessions (id, user_id, mode, role, job_description, scenario_id, question_source, job_context, status, total_questions, completed_questions, created_at, updated_at) VALUES (%(id)s::UUID, %(user_id)s::UUID, %(mode)s, %(role)s, %(job_description)s, %(scenario_id)s, %(question_source)s, %(job_context)s::JSONB, %(status)s, %(total_questions)s, %(completed_questions)s, %(created_at)s, %(updated_at)s)]
E           [parameters: {'id': UUID('45df3088-4d96-4cc9-a452-bf0455516c98'), 'user_id': UUID('d9ddb46f-9ce6-4754-9249-4d7dab9c922c'), 'mode': 'interview', 'role': 'Senior Python Developer', 'job_description': 'We are looking for a Senior Python Developer with 5+ years of experience in Django, Flask, and API development. The ideal candidate should have strong debugging skills and experience with database optimization.', 'scenario_id': None, 'question_source': 'generated', 'job_context': '{"title": "Senior Python Developer"}', 'status': 'active', 'total_questions': 0, 'completed_questions': 0, 'created_at': datetime.datetime(2026, 2, 13, 0, 44, 58, 983088), 'updated_at': datetime.datetime(2026, 2, 13, 0, 44, 58, 983089)}]
E           (Background on this error at: https://sqlalche.me/e/20/gkpj)

app/services/session_service.py:74: AIServiceError</failure></testcase><testcase classname="tests.e2e.test_complete_interview_flow.TestCompleteInterviewFlow" name="test_multiple_sessions_per_user" time="0.174"><failure message="app.exceptions.AIServiceError: Failed to create interview session: (psycopg2.errors.ForeignKeyViolation) insert or update on table &quot;interview_sessions&quot; violates foreign key constraint &quot;interview_sessions_user_id_fkey&quot;&#10;DETAIL:  Key (user_id)=(16d20f86-8dd0-47f8-8855-57c75faa2066) is not present in table &quot;users&quot;.&#10;&#10;[SQL: INSERT INTO interview_sessions (id, user_id, mode, role, job_description, scenario_id, question_source, job_context, status, total_questions, completed_questions, created_at, updated_at) VALUES (%(id)s::UUID, %(user_id)s::UUID, %(mode)s, %(role)s, %(job_description)s, %(scenario_id)s, %(question_source)s, %(job_context)s::JSONB, %(status)s, %(total_questions)s, %(completed_questions)s, %(created_at)s, %(updated_at)s)]&#10;[parameters: {'id': UUID('2986106c-d1d0-438f-b090-3330364c76b2'), 'user_id': UUID('16d20f86-8dd0-47f8-8855-57c75faa2066'), 'mode': 'interview', 'role': 'Python Developer', 'job_description': 'Looking for Python developer with Django experience', 'scenario_id': None, 'question_source': 'generated', 'job_context': '{&quot;title&quot;: &quot;Python Developer&quot;}', 'status': 'active', 'total_questions': 0, 'completed_questions': 0, 'created_at': datetime.datetime(2026, 2, 13, 0, 45, 0, 111954), 'updated_at': datetime.datetime(2026, 2, 13, 0, 45, 0, 111955)}]&#10;(Background on this error at: https://sqlalche.me/e/20/gkpj)">self = &lt;sqlalchemy.engine.base.Connection object at 0xffff70278490&gt;, dialect = &lt;sqlalchemy.dialects.postgresql.psycopg2.PGDialect_psycopg2 object at 0xffff734ab9d0&gt;
context = &lt;sqlalchemy.dialects.postgresql.psycopg2.PGExecutionContext_psycopg2 object at 0xffff70278210&gt;, statement = &lt;sqlalchemy.dialects.postgresql.base.PGCompiler object at 0xffff71fe8d10&gt;
parameters = [{'completed_questions': 0, 'created_at': datetime.datetime(2026, 2, 13, 0, 45, 0, 111954), 'id': UUID('2986106c-d1d0-438f-b090-3330364c76b2'), 'job_context': '{"title": "Python Developer"}', ...}]

    def _exec_single_context(
        self,
        dialect: Dialect,
        context: ExecutionContext,
        statement: Union[str, Compiled],
        parameters: Optional[_AnyMultiExecuteParams],
    ) -&gt; CursorResult[Any]:
        """continue the _execute_context() method for a single DBAPI
        cursor.execute() or cursor.executemany() call.
    
        """
        if dialect.bind_typing is BindTyping.SETINPUTSIZES:
            generic_setinputsizes = context._prepare_set_input_sizes()
    
            if generic_setinputsizes:
                try:
                    dialect.do_set_input_sizes(
                        context.cursor, generic_setinputsizes, context
                    )
                except BaseException as e:
                    self._handle_dbapi_exception(
                        e, str(statement), parameters, None, context
                    )
    
        cursor, str_statement, parameters = (
            context.cursor,
            context.statement,
            context.parameters,
        )
    
        effective_parameters: Optional[_AnyExecuteParams]
    
        if not context.executemany:
            effective_parameters = parameters[0]
        else:
            effective_parameters = parameters
    
        if self._has_events or self.engine._has_events:
            for fn in self.dispatch.before_cursor_execute:
                str_statement, effective_parameters = fn(
                    self,
                    cursor,
                    str_statement,
                    effective_parameters,
                    context,
                    context.executemany,
                )
    
        if self._echo:
            self._log_info(str_statement)
    
            stats = context._get_cache_stats()
    
            if not self.engine.hide_parameters:
                self._log_info(
                    "[%s] %r",
                    stats,
                    sql_util._repr_params(
                        effective_parameters,
                        batches=10,
                        ismulti=context.executemany,
                    ),
                )
            else:
                self._log_info(
                    "[%s] [SQL parameters hidden due to hide_parameters=True]",
                    stats,
                )
    
        evt_handled: bool = False
        try:
            if context.execute_style is ExecuteStyle.EXECUTEMANY:
                effective_parameters = cast(
                    "_CoreMultiExecuteParams", effective_parameters
                )
                if self.dialect._has_events:
                    for fn in self.dialect.dispatch.do_executemany:
                        if fn(
                            cursor,
                            str_statement,
                            effective_parameters,
                            context,
                        ):
                            evt_handled = True
                            break
                if not evt_handled:
                    self.dialect.do_executemany(
                        cursor,
                        str_statement,
                        effective_parameters,
                        context,
                    )
            elif not effective_parameters and context.no_parameters:
                if self.dialect._has_events:
                    for fn in self.dialect.dispatch.do_execute_no_params:
                        if fn(cursor, str_statement, context):
                            evt_handled = True
                            break
                if not evt_handled:
                    self.dialect.do_execute_no_params(
                        cursor, str_statement, context
                    )
            else:
                effective_parameters = cast(
                    "_CoreSingleExecuteParams", effective_parameters
                )
                if self.dialect._has_events:
                    for fn in self.dialect.dispatch.do_execute:
                        if fn(
                            cursor,
                            str_statement,
                            effective_parameters,
                            context,
                        ):
                            evt_handled = True
                            break
                if not evt_handled:
&gt;                   self.dialect.do_execute(
                        cursor, str_statement, effective_parameters, context
                    )

/usr/local/lib/python3.11/site-packages/sqlalchemy/engine/base.py:1967: 
_ _ _ _ _ _ _ _ _ _ _ _ _ _ _ _ _ _ _ _ _ _ _ _ _ _ _ _ _ _ _ _ _ _ _ _ _ _ _ _ _ _ _ _ _ _ _ _ _ _ _ _ _ _ _ _ _ _ _ _ _ _ _ _ _ _ _ _ _ _ _ _ _ _ _ _ _ _ _ _ _ _ _ _ _ _ _ _ _ _ _ _ _ _ _ _ _ _ _ _ 

self = &lt;sqlalchemy.dialects.postgresql.psycopg2.PGDialect_psycopg2 object at 0xffff734ab9d0&gt;, cursor = &lt;cursor object at 0xffff71f5a3e0; closed: -1&gt;
statement = 'INSERT INTO interview_sessions (id, user_id, mode, role, job_description, scenario_id, question_source, job_context, ...e)s, %(job_context)s::JSONB, %(status)s, %(total_questions)s, %(completed_questions)s, %(created_at)s, %(updated_at)s)'
parameters = {'completed_questions': 0, 'created_at': datetime.datetime(2026, 2, 13, 0, 45, 0, 111954), 'id': UUID('2986106c-d1d0-438f-b090-3330364c76b2'), 'job_context': '{"title": "Python Developer"}', ...}
context = &lt;sqlalchemy.dialects.postgresql.psycopg2.PGExecutionContext_psycopg2 object at 0xffff70278210&gt;

    def do_execute(self, cursor, statement, parameters, context=None):
&gt;       cursor.execute(statement, parameters)
E       psycopg2.errors.ForeignKeyViolation: insert or update on table "interview_sessions" violates foreign key constraint "interview_sessions_user_id_fkey"
E       DETAIL:  Key (user_id)=(16d20f86-8dd0-47f8-8855-57c75faa2066) is not present in table "users".

/usr/local/lib/python3.11/site-packages/sqlalchemy/engine/default.py:952: ForeignKeyViolation

The above exception was the direct cause of the following exception:

self = &lt;app.services.session_service.SessionService object at 0xffff70240b90&gt;, user_id = UUID('16d20f86-8dd0-47f8-8855-57c75faa2066'), role = 'Python Developer'
job_description = 'Looking for Python developer with Django experience', title = 'Python Developer', mode = 'interview'

    async def create_session(
        self,
        user_id: Union[int, str],
        role: str,
        job_description: str,
        title: Optional[str] = None,
        mode: str = "interview"
    ) -&gt; InterviewSession:
        """Create a new interview session (works for both sync and async)."""
        try:
            session_data = {
                "id": uuid.uuid4(),
                "user_id": user_id,
                "role": role,
                "job_description": job_description or "",
                "mode": mode,
                "question_source": "generated",
                "status": "active",
                "created_at": datetime.utcnow(),
                "updated_at": datetime.utcnow()
            }
            if title:
                session_data["job_context"] = {"title": title}
    
            session = InterviewSession(**session_data)
            self.db_session.add(session)
            if self.is_async:
                await self.db_session.commit()
                await self.db_session.refresh(session)
            else:
&gt;               self.db_session.commit()

app/services/session_service.py:62: 
_ _ _ _ _ _ _ _ _ _ _ _ _ _ _ _ _ _ _ _ _ _ _ _ _ _ _ _ _ _ _ _ _ _ _ _ _ _ _ _ _ _ _ _ _ _ _ _ _ _ _ _ _ _ _ _ _ _ _ _ _ _ _ _ _ _ _ _ _ _ _ _ _ _ _ _ _ _ _ _ _ _ _ _ _ _ _ _ _ _ _ _ _ _ _ _ _ _ _ _ 
/usr/local/lib/python3.11/site-packages/sqlalchemy/orm/session.py:2030: in commit
    trans.commit(_to_root=True)
/usr/local/lib/python3.11/site-packages/sqlalchemy/orm/state_changes.py:137: in _go
    ret_value = fn(self, *arg, **kw)
/usr/local/lib/python3.11/site-packages/sqlalchemy/orm/session.py:1311: in commit
    self._prepare_impl()
/usr/local/lib/python3.11/site-packages/sqlalchemy/orm/state_changes.py:137: in _go
    ret_value = fn(self, *arg, **kw)
/usr/local/lib/python3.11/site-packages/sqlalchemy/orm/session.py:1286: in _prepare_impl
    self.session.flush()
/usr/local/lib/python3.11/site-packages/sqlalchemy/orm/session.py:4331: in flush
    self._flush(objects)
/usr/local/lib/python3.11/site-packages/sqlalchemy/orm/session.py:4466: in _flush
    with util.safe_reraise():
/usr/local/lib/python3.11/site-packages/sqlalchemy/util/langhelpers.py:224: in __exit__
    raise exc_value.with_traceback(exc_tb)
/usr/local/lib/python3.11/site-packages/sqlalchemy/orm/session.py:4427: in _flush
    flush_context.execute()
/usr/local/lib/python3.11/site-packages/sqlalchemy/orm/unitofwork.py:466: in execute
    rec.execute(self)
/usr/local/lib/python3.11/site-packages/sqlalchemy/orm/unitofwork.py:642: in execute
    util.preloaded.orm_persistence.save_obj(
/usr/local/lib/python3.11/site-packages/sqlalchemy/orm/persistence.py:93: in save_obj
    _emit_insert_statements(
/usr/local/lib/python3.11/site-packages/sqlalchemy/orm/persistence.py:1048: in _emit_insert_statements
    result = connection.execute(
/usr/local/lib/python3.11/site-packages/sqlalchemy/engine/base.py:1419: in execute
    return meth(
/usr/local/lib/python3.11/site-packages/sqlalchemy/sql/elements.py:527: in _execute_on_connection
    return connection._execute_clauseelement(
/usr/local/lib/python3.11/site-packages/sqlalchemy/engine/base.py:1641: in _execute_clauseelement
    ret = self._execute_context(
/usr/local/lib/python3.11/site-packages/sqlalchemy/engine/base.py:1846: in _execute_context
    return self._exec_single_context(
/usr/local/lib/python3.11/site-packages/sqlalchemy/engine/base.py:1986: in _exec_single_context
    self._handle_dbapi_exception(
/usr/local/lib/python3.11/site-packages/sqlalchemy/engine/base.py:2363: in _handle_dbapi_exception
    raise sqlalchemy_exception.with_traceback(exc_info[2]) from e
/usr/local/lib/python3.11/site-packages/sqlalchemy/engine/base.py:1967: in _exec_single_context
    self.dialect.do_execute(
_ _ _ _ _ _ _ _ _ _ _ _ _ _ _ _ _ _ _ _ _ _ _ _ _ _ _ _ _ _ _ _ _ _ _ _ _ _ _ _ _ _ _ _ _ _ _ _ _ _ _ _ _ _ _ _ _ _ _ _ _ _ _ _ _ _ _ _ _ _ _ _ _ _ _ _ _ _ _ _ _ _ _ _ _ _ _ _ _ _ _ _ _ _ _ _ _ _ _ _ 

self = &lt;sqlalchemy.dialects.postgresql.psycopg2.PGDialect_psycopg2 object at 0xffff734ab9d0&gt;, cursor = &lt;cursor object at 0xffff71f5a3e0; closed: -1&gt;
statement = 'INSERT INTO interview_sessions (id, user_id, mode, role, job_description, scenario_id, question_source, job_context, ...e)s, %(job_context)s::JSONB, %(status)s, %(total_questions)s, %(completed_questions)s, %(created_at)s, %(updated_at)s)'
parameters = {'completed_questions': 0, 'created_at': datetime.datetime(2026, 2, 13, 0, 45, 0, 111954), 'id': UUID('2986106c-d1d0-438f-b090-3330364c76b2'), 'job_context': '{"title": "Python Developer"}', ...}
context = &lt;sqlalchemy.dialects.postgresql.psycopg2.PGExecutionContext_psycopg2 object at 0xffff70278210&gt;

    def do_execute(self, cursor, statement, parameters, context=None):
&gt;       cursor.execute(statement, parameters)
E       sqlalchemy.exc.IntegrityError: (psycopg2.errors.ForeignKeyViolation) insert or update on table "interview_sessions" violates foreign key constraint "interview_sessions_user_id_fkey"
E       DETAIL:  Key (user_id)=(16d20f86-8dd0-47f8-8855-57c75faa2066) is not present in table "users".
E       
E       [SQL: INSERT INTO interview_sessions (id, user_id, mode, role, job_description, scenario_id, question_source, job_context, status, total_questions, completed_questions, created_at, updated_at) VALUES (%(id)s::UUID, %(user_id)s::UUID, %(mode)s, %(role)s, %(job_description)s, %(scenario_id)s, %(question_source)s, %(job_context)s::JSONB, %(status)s, %(total_questions)s, %(completed_questions)s, %(created_at)s, %(updated_at)s)]
E       [parameters: {'id': UUID('2986106c-d1d0-438f-b090-3330364c76b2'), 'user_id': UUID('16d20f86-8dd0-47f8-8855-57c75faa2066'), 'mode': 'interview', 'role': 'Python Developer', 'job_description': 'Looking for Python developer with Django experience', 'scenario_id': None, 'question_source': 'generated', 'job_context': '{"title": "Python Developer"}', 'status': 'active', 'total_questions': 0, 'completed_questions': 0, 'created_at': datetime.datetime(2026, 2, 13, 0, 45, 0, 111954), 'updated_at': datetime.datetime(2026, 2, 13, 0, 45, 0, 111955)}]
E       (Background on this error at: https://sqlalche.me/e/20/gkpj)

/usr/local/lib/python3.11/site-packages/sqlalchemy/engine/default.py:952: IntegrityError

The above exception was the direct cause of the following exception:

self = &lt;tests.e2e.test_complete_interview_flow.TestCompleteInterviewFlow object at 0xffff72753910&gt;, client = &lt;starlette.testclient.TestClient object at 0xffff723e4410&gt;
sample_user = &lt;User(id=16d20f86-8dd0-47f8-8855-57c75faa2066, email=test-106ae43e@example.com, name=Test User)&gt;, mock_ai_client = &lt;AsyncMock id='281472487108368'&gt;
override_auth = &lt;function override_auth.&lt;locals&gt;._override at 0xffff70275940&gt;, override_ai_client = &lt;function override_ai_client.&lt;locals&gt;._override at 0xffff70275120&gt;

    @pytest.mark.e2e
    def test_multiple_sessions_per_user(self, client, sample_user, mock_ai_client, override_auth, override_ai_client):
        """Test creating and managing multiple sessions for a single user."""
        override_auth({"id": sample_user.id, "email": sample_user.email, "is_admin": False})
        override_ai_client(mock_ai_client)
    
        # Create first session
        session1_data = {
            "user_id": str(sample_user.id),
            "mode": "interview",
            "role": "Python Developer",
            "job_title": "Python Developer",
            "job_description": "Looking for Python developer with Django experience"
        }
    
        # Create first session
&gt;       response1 = client.post("/api/v1/sessions/", json=session1_data)

tests/e2e/test_complete_interview_flow.py:100: 
_ _ _ _ _ _ _ _ _ _ _ _ _ _ _ _ _ _ _ _ _ _ _ _ _ _ _ _ _ _ _ _ _ _ _ _ _ _ _ _ _ _ _ _ _ _ _ _ _ _ _ _ _ _ _ _ _ _ _ _ _ _ _ _ _ _ _ _ _ _ _ _ _ _ _ _ _ _ _ _ _ _ _ _ _ _ _ _ _ _ _ _ _ _ _ _ _ _ _ _ 
/usr/local/lib/python3.11/site-packages/starlette/testclient.py:546: in post
    return super().post(
/usr/local/lib/python3.11/site-packages/httpx/_client.py:1132: in post
    return self.request(
/usr/local/lib/python3.11/site-packages/starlette/testclient.py:445: in request
    return super().request(
/usr/local/lib/python3.11/site-packages/httpx/_client.py:814: in request
    return self.send(request, auth=auth, follow_redirects=follow_redirects)
/usr/local/lib/python3.11/site-packages/httpx/_client.py:901: in send
    response = self._send_handling_auth(
/usr/local/lib/python3.11/site-packages/httpx/_client.py:929: in _send_handling_auth
    response = self._send_handling_redirects(
/usr/local/lib/python3.11/site-packages/httpx/_client.py:966: in _send_handling_redirects
    response = self._send_single_request(request)
/usr/local/lib/python3.11/site-packages/httpx/_client.py:1002: in _send_single_request
    response = transport.handle_request(request)
/usr/local/lib/python3.11/site-packages/starlette/testclient.py:348: in handle_request
    raise exc
/usr/local/lib/python3.11/site-packages/starlette/testclient.py:345: in handle_request
    portal.call(self.app, scope, receive, send)
/usr/local/lib/python3.11/site-packages/anyio/from_thread.py:334: in call
    return cast(T_Retval, self.start_task_soon(func, *args).result())
/usr/local/lib/python3.11/concurrent/futures/_base.py:456: in result
    return self.__get_result()
/usr/local/lib/python3.11/concurrent/futures/_base.py:401: in __get_result
    raise self._exception
/usr/local/lib/python3.11/site-packages/anyio/from_thread.py:259: in _call_func
    retval = await retval_or_awaitable
/usr/local/lib/python3.11/site-packages/fastapi/applications.py:1134: in __call__
    await super().__call__(scope, receive, send)
/usr/local/lib/python3.11/site-packages/starlette/applications.py:107: in __call__
    await self.middleware_stack(scope, receive, send)
/usr/local/lib/python3.11/site-packages/starlette/middleware/errors.py:186: in __call__
    raise exc
/usr/local/lib/python3.11/site-packages/starlette/middleware/errors.py:164: in __call__
    await self.app(scope, receive, _send)
/usr/local/lib/python3.11/site-packages/starlette/middleware/base.py:191: in __call__
    with recv_stream, send_stream, collapse_excgroups():
/usr/local/lib/python3.11/contextlib.py:158: in __exit__
    self.gen.throw(typ, value, traceback)
/usr/local/lib/python3.11/site-packages/starlette/_utils.py:87: in collapse_excgroups
    raise exc
/usr/local/lib/python3.11/site-packages/starlette/middleware/base.py:193: in __call__
    response = await self.dispatch_func(request, call_next)
app/middleware/rate_limiting_middleware.py:51: in dispatch
    return await call_next(request)
/usr/local/lib/python3.11/site-packages/starlette/middleware/base.py:168: in call_next
    raise app_exc from app_exc.__cause__ or app_exc.__context__
app/middleware/rate_limiting_middleware.py:40: in dispatch
    response = await call_next(request)
/usr/local/lib/python3.11/site-packages/starlette/middleware/base.py:168: in call_next
    raise app_exc from app_exc.__cause__ or app_exc.__context__
/usr/local/lib/python3.11/site-packages/starlette/middleware/base.py:144: in coro
    await self.app(scope, receive_or_disconnect, send_no_error)
/usr/local/lib/python3.11/site-packages/starlette/middleware/base.py:191: in __call__
    with recv_stream, send_stream, collapse_excgroups():
/usr/local/lib/python3.11/contextlib.py:158: in __exit__
    self.gen.throw(typ, value, traceback)
/usr/local/lib/python3.11/site-packages/starlette/_utils.py:87: in collapse_excgroups
    raise exc
/usr/local/lib/python3.11/site-packages/starlette/middleware/base.py:193: in __call__
    response = await self.dispatch_func(request, call_next)
app/main.py:179: in logging_middleware
    return await log_requests(request, call_next)
app/middleware/logging_middleware.py:29: in log_requests
    response = await call_next(request)
/usr/local/lib/python3.11/site-packages/starlette/middleware/base.py:168: in call_next
    raise app_exc from app_exc.__cause__ or app_exc.__context__
/usr/local/lib/python3.11/site-packages/starlette/middleware/base.py:144: in coro
    await self.app(scope, receive_or_disconnect, send_no_error)
/usr/local/lib/python3.11/site-packages/starlette/middleware/base.py:191: in __call__
    with recv_stream, send_stream, collapse_excgroups():
/usr/local/lib/python3.11/contextlib.py:158: in __exit__
    self.gen.throw(typ, value, traceback)
/usr/local/lib/python3.11/site-packages/starlette/_utils.py:87: in collapse_excgroups
    raise exc
/usr/local/lib/python3.11/site-packages/starlette/middleware/base.py:193: in __call__
    response = await self.dispatch_func(request, call_next)
app/middleware/security_middleware.py:23: in dispatch
    response = await call_next(request)
/usr/local/lib/python3.11/site-packages/starlette/middleware/base.py:168: in call_next
    raise app_exc from app_exc.__cause__ or app_exc.__context__
/usr/local/lib/python3.11/site-packages/starlette/middleware/base.py:144: in coro
    await self.app(scope, receive_or_disconnect, send_no_error)
/usr/local/lib/python3.11/site-packages/starlette/middleware/base.py:191: in __call__
    with recv_stream, send_stream, collapse_excgroups():
/usr/local/lib/python3.11/contextlib.py:158: in __exit__
    self.gen.throw(typ, value, traceback)
/usr/local/lib/python3.11/site-packages/starlette/_utils.py:87: in collapse_excgroups
    raise exc
/usr/local/lib/python3.11/site-packages/starlette/middleware/base.py:193: in __call__
    response = await self.dispatch_func(request, call_next)
app/middleware/file_upload_middleware.py:222: in dispatch
    return await call_next(request)
/usr/local/lib/python3.11/site-packages/starlette/middleware/base.py:168: in call_next
    raise app_exc from app_exc.__cause__ or app_exc.__context__
/usr/local/lib/python3.11/site-packages/starlette/middleware/base.py:144: in coro
    await self.app(scope, receive_or_disconnect, send_no_error)
/usr/local/lib/python3.11/site-packages/starlette/middleware/base.py:191: in __call__
    with recv_stream, send_stream, collapse_excgroups():
/usr/local/lib/python3.11/contextlib.py:158: in __exit__
    self.gen.throw(typ, value, traceback)
/usr/local/lib/python3.11/site-packages/starlette/_utils.py:87: in collapse_excgroups
    raise exc
/usr/local/lib/python3.11/site-packages/starlette/middleware/base.py:193: in __call__
    response = await self.dispatch_func(request, call_next)
app/middleware/file_upload_middleware.py:139: in dispatch
    return await call_next(request)
/usr/local/lib/python3.11/site-packages/starlette/middleware/base.py:168: in call_next
    raise app_exc from app_exc.__cause__ or app_exc.__context__
/usr/local/lib/python3.11/site-packages/starlette/middleware/base.py:144: in coro
    await self.app(scope, receive_or_disconnect, send_no_error)
/usr/local/lib/python3.11/site-packages/starlette/middleware/base.py:191: in __call__
    with recv_stream, send_stream, collapse_excgroups():
/usr/local/lib/python3.11/contextlib.py:158: in __exit__
    self.gen.throw(typ, value, traceback)
/usr/local/lib/python3.11/site-packages/starlette/_utils.py:87: in collapse_excgroups
    raise exc
/usr/local/lib/python3.11/site-packages/starlette/middleware/base.py:193: in __call__
    response = await self.dispatch_func(request, call_next)
app/middleware/file_upload_middleware.py:30: in dispatch
    return await call_next(request)
/usr/local/lib/python3.11/site-packages/starlette/middleware/base.py:168: in call_next
    raise app_exc from app_exc.__cause__ or app_exc.__context__
/usr/local/lib/python3.11/site-packages/starlette/middleware/base.py:144: in coro
    await self.app(scope, receive_or_disconnect, send_no_error)
/usr/local/lib/python3.11/site-packages/starlette/middleware/cors.py:87: in __call__
    await self.app(scope, receive, send)
/usr/local/lib/python3.11/site-packages/starlette/middleware/exceptions.py:63: in __call__
    await wrap_app_handling_exceptions(self.app, conn)(scope, receive, send)
/usr/local/lib/python3.11/site-packages/starlette/_exception_handler.py:53: in wrapped_app
    raise exc
/usr/local/lib/python3.11/site-packages/starlette/_exception_handler.py:42: in wrapped_app
    await app(scope, receive, sender)
/usr/local/lib/python3.11/site-packages/fastapi/middleware/asyncexitstack.py:18: in __call__
    await self.app(scope, receive, send)
/usr/local/lib/python3.11/site-packages/starlette/routing.py:716: in __call__
    await self.middleware_stack(scope, receive, send)
/usr/local/lib/python3.11/site-packages/starlette/routing.py:736: in app
    await route.handle(scope, receive, send)
/usr/local/lib/python3.11/site-packages/starlette/routing.py:290: in handle
    await self.app(scope, receive, send)
/usr/local/lib/python3.11/site-packages/fastapi/routing.py:119: in app
    await wrap_app_handling_exceptions(app, request)(scope, receive, send)
/usr/local/lib/python3.11/site-packages/starlette/_exception_handler.py:53: in wrapped_app
    raise exc
/usr/local/lib/python3.11/site-packages/starlette/_exception_handler.py:42: in wrapped_app
    await app(scope, receive, sender)
/usr/local/lib/python3.11/site-packages/fastapi/routing.py:105: in app
    response = await f(request)
/usr/local/lib/python3.11/site-packages/fastapi/routing.py:424: in app
    raw_response = await run_endpoint_function(
/usr/local/lib/python3.11/site-packages/fastapi/routing.py:312: in run_endpoint_function
    return await dependant.call(**values)
app/routers/sessions.py:40: in create_session
    session = await session_service.create_interview_session(
app/services/session_service.py:136: in create_interview_session
    return await self.create_session(
_ _ _ _ _ _ _ _ _ _ _ _ _ _ _ _ _ _ _ _ _ _ _ _ _ _ _ _ _ _ _ _ _ _ _ _ _ _ _ _ _ _ _ _ _ _ _ _ _ _ _ _ _ _ _ _ _ _ _ _ _ _ _ _ _ _ _ _ _ _ _ _ _ _ _ _ _ _ _ _ _ _ _ _ _ _ _ _ _ _ _ _ _ _ _ _ _ _ _ _ 

self = &lt;app.services.session_service.SessionService object at 0xffff70240b90&gt;, user_id = UUID('16d20f86-8dd0-47f8-8855-57c75faa2066'), role = 'Python Developer'
job_description = 'Looking for Python developer with Django experience', title = 'Python Developer', mode = 'interview'

    async def create_session(
        self,
        user_id: Union[int, str],
        role: str,
        job_description: str,
        title: Optional[str] = None,
        mode: str = "interview"
    ) -&gt; InterviewSession:
        """Create a new interview session (works for both sync and async)."""
        try:
            session_data = {
                "id": uuid.uuid4(),
                "user_id": user_id,
                "role": role,
                "job_description": job_description or "",
                "mode": mode,
                "question_source": "generated",
                "status": "active",
                "created_at": datetime.utcnow(),
                "updated_at": datetime.utcnow()
            }
            if title:
                session_data["job_context"] = {"title": title}
    
            session = InterviewSession(**session_data)
            self.db_session.add(session)
            if self.is_async:
                await self.db_session.commit()
                await self.db_session.refresh(session)
            else:
                self.db_session.commit()
                self.db_session.refresh(session)
    
            logger.info(f"Created interview session {session.id} for user {user_id}")
            return session
    
        except Exception as e:
            if self.is_async:
                await self.db_session.rollback()
            else:
                self.db_session.rollback()
            logger.error(f"Error creating session: {e}")
&gt;           raise AIServiceError(f"Failed to create interview session: {e}")
E           app.exceptions.AIServiceError: Failed to create interview session: (psycopg2.errors.ForeignKeyViolation) insert or update on table "interview_sessions" violates foreign key constraint "interview_sessions_user_id_fkey"
E           DETAIL:  Key (user_id)=(16d20f86-8dd0-47f8-8855-57c75faa2066) is not present in table "users".
E           
E           [SQL: INSERT INTO interview_sessions (id, user_id, mode, role, job_description, scenario_id, question_source, job_context, status, total_questions, completed_questions, created_at, updated_at) VALUES (%(id)s::UUID, %(user_id)s::UUID, %(mode)s, %(role)s, %(job_description)s, %(scenario_id)s, %(question_source)s, %(job_context)s::JSONB, %(status)s, %(total_questions)s, %(completed_questions)s, %(created_at)s, %(updated_at)s)]
E           [parameters: {'id': UUID('2986106c-d1d0-438f-b090-3330364c76b2'), 'user_id': UUID('16d20f86-8dd0-47f8-8855-57c75faa2066'), 'mode': 'interview', 'role': 'Python Developer', 'job_description': 'Looking for Python developer with Django experience', 'scenario_id': None, 'question_source': 'generated', 'job_context': '{"title": "Python Developer"}', 'status': 'active', 'total_questions': 0, 'completed_questions': 0, 'created_at': datetime.datetime(2026, 2, 13, 0, 45, 0, 111954), 'updated_at': datetime.datetime(2026, 2, 13, 0, 45, 0, 111955)}]
E           (Background on this error at: https://sqlalche.me/e/20/gkpj)

app/services/session_service.py:74: AIServiceError</failure></testcase><testcase classname="tests.e2e.test_complete_interview_flow.TestCompleteInterviewFlow" name="test_question_bank_integration_flow" time="0.120"><failure message="app.exceptions.AIServiceError: Failed to create interview session: (psycopg2.errors.ForeignKeyViolation) insert or update on table &quot;interview_sessions&quot; violates foreign key constraint &quot;interview_sessions_user_id_fkey&quot;&#10;DETAIL:  Key (user_id)=(9df27201-aae1-42b6-bd9e-46ff3e30efab) is not present in table &quot;users&quot;.&#10;&#10;[SQL: INSERT INTO interview_sessions (id, user_id, mode, role, job_description, scenario_id, question_source, job_context, status, total_questions, completed_questions, created_at, updated_at) VALUES (%(id)s::UUID, %(user_id)s::UUID, %(mode)s, %(role)s, %(job_description)s, %(scenario_id)s, %(question_source)s, %(job_context)s::JSONB, %(status)s, %(total_questions)s, %(completed_questions)s, %(created_at)s, %(updated_at)s)]&#10;[parameters: {'id': UUID('08173112-0a17-4ba8-85c6-2ef3e6b02894'), 'user_id': UUID('9df27201-aae1-42b6-bd9e-46ff3e30efab'), 'mode': 'interview', 'role': 'Python Developer', 'job_description': 'Looking for Python developer with Django experience', 'scenario_id': None, 'question_source': 'generated', 'job_context': '{&quot;title&quot;: &quot;Python Developer&quot;}', 'status': 'active', 'total_questions': 0, 'completed_questions': 0, 'created_at': datetime.datetime(2026, 2, 13, 0, 45, 1, 522677), 'updated_at': datetime.datetime(2026, 2, 13, 0, 45, 1, 522679)}]&#10;(Background on this error at: https://sqlalche.me/e/20/gkpj)">self = &lt;sqlalchemy.engine.base.Connection object at 0xffff7081c4d0&gt;, dialect = &lt;sqlalchemy.dialects.postgresql.psycopg2.PGDialect_psycopg2 object at 0xffff734ab9d0&gt;
context = &lt;sqlalchemy.dialects.postgresql.psycopg2.PGExecutionContext_psycopg2 object at 0xffff7081c690&gt;, statement = &lt;sqlalchemy.dialects.postgresql.base.PGCompiler object at 0xffff71fe8d10&gt;
parameters = [{'completed_questions': 0, 'created_at': datetime.datetime(2026, 2, 13, 0, 45, 1, 522677), 'id': UUID('08173112-0a17-4ba8-85c6-2ef3e6b02894'), 'job_context': '{"title": "Python Developer"}', ...}]

    def _exec_single_context(
        self,
        dialect: Dialect,
        context: ExecutionContext,
        statement: Union[str, Compiled],
        parameters: Optional[_AnyMultiExecuteParams],
    ) -&gt; CursorResult[Any]:
        """continue the _execute_context() method for a single DBAPI
        cursor.execute() or cursor.executemany() call.
    
        """
        if dialect.bind_typing is BindTyping.SETINPUTSIZES:
            generic_setinputsizes = context._prepare_set_input_sizes()
    
            if generic_setinputsizes:
                try:
                    dialect.do_set_input_sizes(
                        context.cursor, generic_setinputsizes, context
                    )
                except BaseException as e:
                    self._handle_dbapi_exception(
                        e, str(statement), parameters, None, context
                    )
    
        cursor, str_statement, parameters = (
            context.cursor,
            context.statement,
            context.parameters,
        )
    
        effective_parameters: Optional[_AnyExecuteParams]
    
        if not context.executemany:
            effective_parameters = parameters[0]
        else:
            effective_parameters = parameters
    
        if self._has_events or self.engine._has_events:
            for fn in self.dispatch.before_cursor_execute:
                str_statement, effective_parameters = fn(
                    self,
                    cursor,
                    str_statement,
                    effective_parameters,
                    context,
                    context.executemany,
                )
    
        if self._echo:
            self._log_info(str_statement)
    
            stats = context._get_cache_stats()
    
            if not self.engine.hide_parameters:
                self._log_info(
                    "[%s] %r",
                    stats,
                    sql_util._repr_params(
                        effective_parameters,
                        batches=10,
                        ismulti=context.executemany,
                    ),
                )
            else:
                self._log_info(
                    "[%s] [SQL parameters hidden due to hide_parameters=True]",
                    stats,
                )
    
        evt_handled: bool = False
        try:
            if context.execute_style is ExecuteStyle.EXECUTEMANY:
                effective_parameters = cast(
                    "_CoreMultiExecuteParams", effective_parameters
                )
                if self.dialect._has_events:
                    for fn in self.dialect.dispatch.do_executemany:
                        if fn(
                            cursor,
                            str_statement,
                            effective_parameters,
                            context,
                        ):
                            evt_handled = True
                            break
                if not evt_handled:
                    self.dialect.do_executemany(
                        cursor,
                        str_statement,
                        effective_parameters,
                        context,
                    )
            elif not effective_parameters and context.no_parameters:
                if self.dialect._has_events:
                    for fn in self.dialect.dispatch.do_execute_no_params:
                        if fn(cursor, str_statement, context):
                            evt_handled = True
                            break
                if not evt_handled:
                    self.dialect.do_execute_no_params(
                        cursor, str_statement, context
                    )
            else:
                effective_parameters = cast(
                    "_CoreSingleExecuteParams", effective_parameters
                )
                if self.dialect._has_events:
                    for fn in self.dialect.dispatch.do_execute:
                        if fn(
                            cursor,
                            str_statement,
                            effective_parameters,
                            context,
                        ):
                            evt_handled = True
                            break
                if not evt_handled:
&gt;                   self.dialect.do_execute(
                        cursor, str_statement, effective_parameters, context
                    )

/usr/local/lib/python3.11/site-packages/sqlalchemy/engine/base.py:1967: 
_ _ _ _ _ _ _ _ _ _ _ _ _ _ _ _ _ _ _ _ _ _ _ _ _ _ _ _ _ _ _ _ _ _ _ _ _ _ _ _ _ _ _ _ _ _ _ _ _ _ _ _ _ _ _ _ _ _ _ _ _ _ _ _ _ _ _ _ _ _ _ _ _ _ _ _ _ _ _ _ _ _ _ _ _ _ _ _ _ _ _ _ _ _ _ _ _ _ _ _ 

self = &lt;sqlalchemy.dialects.postgresql.psycopg2.PGDialect_psycopg2 object at 0xffff734ab9d0&gt;, cursor = &lt;cursor object at 0xffff7218b4c0; closed: -1&gt;
statement = 'INSERT INTO interview_sessions (id, user_id, mode, role, job_description, scenario_id, question_source, job_context, ...e)s, %(job_context)s::JSONB, %(status)s, %(total_questions)s, %(completed_questions)s, %(created_at)s, %(updated_at)s)'
parameters = {'completed_questions': 0, 'created_at': datetime.datetime(2026, 2, 13, 0, 45, 1, 522677), 'id': UUID('08173112-0a17-4ba8-85c6-2ef3e6b02894'), 'job_context': '{"title": "Python Developer"}', ...}
context = &lt;sqlalchemy.dialects.postgresql.psycopg2.PGExecutionContext_psycopg2 object at 0xffff7081c690&gt;

    def do_execute(self, cursor, statement, parameters, context=None):
&gt;       cursor.execute(statement, parameters)
E       psycopg2.errors.ForeignKeyViolation: insert or update on table "interview_sessions" violates foreign key constraint "interview_sessions_user_id_fkey"
E       DETAIL:  Key (user_id)=(9df27201-aae1-42b6-bd9e-46ff3e30efab) is not present in table "users".

/usr/local/lib/python3.11/site-packages/sqlalchemy/engine/default.py:952: ForeignKeyViolation

The above exception was the direct cause of the following exception:

self = &lt;app.services.session_service.SessionService object at 0xffff708f8190&gt;, user_id = UUID('9df27201-aae1-42b6-bd9e-46ff3e30efab'), role = 'Python Developer'
job_description = 'Looking for Python developer with Django experience', title = 'Python Developer', mode = 'interview'

    async def create_session(
        self,
        user_id: Union[int, str],
        role: str,
        job_description: str,
        title: Optional[str] = None,
        mode: str = "interview"
    ) -&gt; InterviewSession:
        """Create a new interview session (works for both sync and async)."""
        try:
            session_data = {
                "id": uuid.uuid4(),
                "user_id": user_id,
                "role": role,
                "job_description": job_description or "",
                "mode": mode,
                "question_source": "generated",
                "status": "active",
                "created_at": datetime.utcnow(),
                "updated_at": datetime.utcnow()
            }
            if title:
                session_data["job_context"] = {"title": title}
    
            session = InterviewSession(**session_data)
            self.db_session.add(session)
            if self.is_async:
                await self.db_session.commit()
                await self.db_session.refresh(session)
            else:
&gt;               self.db_session.commit()

app/services/session_service.py:62: 
_ _ _ _ _ _ _ _ _ _ _ _ _ _ _ _ _ _ _ _ _ _ _ _ _ _ _ _ _ _ _ _ _ _ _ _ _ _ _ _ _ _ _ _ _ _ _ _ _ _ _ _ _ _ _ _ _ _ _ _ _ _ _ _ _ _ _ _ _ _ _ _ _ _ _ _ _ _ _ _ _ _ _ _ _ _ _ _ _ _ _ _ _ _ _ _ _ _ _ _ 
/usr/local/lib/python3.11/site-packages/sqlalchemy/orm/session.py:2030: in commit
    trans.commit(_to_root=True)
/usr/local/lib/python3.11/site-packages/sqlalchemy/orm/state_changes.py:137: in _go
    ret_value = fn(self, *arg, **kw)
/usr/local/lib/python3.11/site-packages/sqlalchemy/orm/session.py:1311: in commit
    self._prepare_impl()
/usr/local/lib/python3.11/site-packages/sqlalchemy/orm/state_changes.py:137: in _go
    ret_value = fn(self, *arg, **kw)
/usr/local/lib/python3.11/site-packages/sqlalchemy/orm/session.py:1286: in _prepare_impl
    self.session.flush()
/usr/local/lib/python3.11/site-packages/sqlalchemy/orm/session.py:4331: in flush
    self._flush(objects)
/usr/local/lib/python3.11/site-packages/sqlalchemy/orm/session.py:4466: in _flush
    with util.safe_reraise():
/usr/local/lib/python3.11/site-packages/sqlalchemy/util/langhelpers.py:224: in __exit__
    raise exc_value.with_traceback(exc_tb)
/usr/local/lib/python3.11/site-packages/sqlalchemy/orm/session.py:4427: in _flush
    flush_context.execute()
/usr/local/lib/python3.11/site-packages/sqlalchemy/orm/unitofwork.py:466: in execute
    rec.execute(self)
/usr/local/lib/python3.11/site-packages/sqlalchemy/orm/unitofwork.py:642: in execute
    util.preloaded.orm_persistence.save_obj(
/usr/local/lib/python3.11/site-packages/sqlalchemy/orm/persistence.py:93: in save_obj
    _emit_insert_statements(
/usr/local/lib/python3.11/site-packages/sqlalchemy/orm/persistence.py:1048: in _emit_insert_statements
    result = connection.execute(
/usr/local/lib/python3.11/site-packages/sqlalchemy/engine/base.py:1419: in execute
    return meth(
/usr/local/lib/python3.11/site-packages/sqlalchemy/sql/elements.py:527: in _execute_on_connection
    return connection._execute_clauseelement(
/usr/local/lib/python3.11/site-packages/sqlalchemy/engine/base.py:1641: in _execute_clauseelement
    ret = self._execute_context(
/usr/local/lib/python3.11/site-packages/sqlalchemy/engine/base.py:1846: in _execute_context
    return self._exec_single_context(
/usr/local/lib/python3.11/site-packages/sqlalchemy/engine/base.py:1986: in _exec_single_context
    self._handle_dbapi_exception(
/usr/local/lib/python3.11/site-packages/sqlalchemy/engine/base.py:2363: in _handle_dbapi_exception
    raise sqlalchemy_exception.with_traceback(exc_info[2]) from e
/usr/local/lib/python3.11/site-packages/sqlalchemy/engine/base.py:1967: in _exec_single_context
    self.dialect.do_execute(
_ _ _ _ _ _ _ _ _ _ _ _ _ _ _ _ _ _ _ _ _ _ _ _ _ _ _ _ _ _ _ _ _ _ _ _ _ _ _ _ _ _ _ _ _ _ _ _ _ _ _ _ _ _ _ _ _ _ _ _ _ _ _ _ _ _ _ _ _ _ _ _ _ _ _ _ _ _ _ _ _ _ _ _ _ _ _ _ _ _ _ _ _ _ _ _ _ _ _ _ 

self = &lt;sqlalchemy.dialects.postgresql.psycopg2.PGDialect_psycopg2 object at 0xffff734ab9d0&gt;, cursor = &lt;cursor object at 0xffff7218b4c0; closed: -1&gt;
statement = 'INSERT INTO interview_sessions (id, user_id, mode, role, job_description, scenario_id, question_source, job_context, ...e)s, %(job_context)s::JSONB, %(status)s, %(total_questions)s, %(completed_questions)s, %(created_at)s, %(updated_at)s)'
parameters = {'completed_questions': 0, 'created_at': datetime.datetime(2026, 2, 13, 0, 45, 1, 522677), 'id': UUID('08173112-0a17-4ba8-85c6-2ef3e6b02894'), 'job_context': '{"title": "Python Developer"}', ...}
context = &lt;sqlalchemy.dialects.postgresql.psycopg2.PGExecutionContext_psycopg2 object at 0xffff7081c690&gt;

    def do_execute(self, cursor, statement, parameters, context=None):
&gt;       cursor.execute(statement, parameters)
E       sqlalchemy.exc.IntegrityError: (psycopg2.errors.ForeignKeyViolation) insert or update on table "interview_sessions" violates foreign key constraint "interview_sessions_user_id_fkey"
E       DETAIL:  Key (user_id)=(9df27201-aae1-42b6-bd9e-46ff3e30efab) is not present in table "users".
E       
E       [SQL: INSERT INTO interview_sessions (id, user_id, mode, role, job_description, scenario_id, question_source, job_context, status, total_questions, completed_questions, created_at, updated_at) VALUES (%(id)s::UUID, %(user_id)s::UUID, %(mode)s, %(role)s, %(job_description)s, %(scenario_id)s, %(question_source)s, %(job_context)s::JSONB, %(status)s, %(total_questions)s, %(completed_questions)s, %(created_at)s, %(updated_at)s)]
E       [parameters: {'id': UUID('08173112-0a17-4ba8-85c6-2ef3e6b02894'), 'user_id': UUID('9df27201-aae1-42b6-bd9e-46ff3e30efab'), 'mode': 'interview', 'role': 'Python Developer', 'job_description': 'Looking for Python developer with Django experience', 'scenario_id': None, 'question_source': 'generated', 'job_context': '{"title": "Python Developer"}', 'status': 'active', 'total_questions': 0, 'completed_questions': 0, 'created_at': datetime.datetime(2026, 2, 13, 0, 45, 1, 522677), 'updated_at': datetime.datetime(2026, 2, 13, 0, 45, 1, 522679)}]
E       (Background on this error at: https://sqlalche.me/e/20/gkpj)

/usr/local/lib/python3.11/site-packages/sqlalchemy/engine/default.py:952: IntegrityError

The above exception was the direct cause of the following exception:

self = &lt;tests.e2e.test_complete_interview_flow.TestCompleteInterviewFlow object at 0xffff72753d50&gt;, client = &lt;starlette.testclient.TestClient object at 0xffff723e4410&gt;
sample_user = &lt;User(id=9df27201-aae1-42b6-bd9e-46ff3e30efab, email=test-4663a5c5@example.com, name=Test User)&gt;, mock_ai_client = &lt;AsyncMock id='281472570092432'&gt;
mock_question_bank_service = &lt;Mock id='281472481460752'&gt;, override_auth = &lt;function override_auth.&lt;locals&gt;._override at 0xffff70277ba0&gt;
override_ai_client = &lt;function override_ai_client.&lt;locals&gt;._override at 0xffff702765c0&gt;

    @pytest.mark.e2e
    def test_question_bank_integration_flow(self, client, sample_user, mock_ai_client, mock_question_bank_service, override_auth, override_ai_client):
        """Test complete flow with question bank integration."""
        override_auth({"id": sample_user.id, "email": sample_user.email, "is_admin": False})
        override_ai_client(mock_ai_client)
    
        # Step 1: Create session (should use question bank)
        session_data = {
            "user_id": str(sample_user.id),
            "mode": "interview",
            "role": "Python Developer",
            "job_title": "Python Developer",
            "job_description": "Looking for Python developer with Django experience"
        }
    
        with patch('app.services.session_service.SessionService', return_value=mock_question_bank_service):
            # Create session
&gt;           create_response = client.post("/api/v1/sessions/", json=session_data)

tests/e2e/test_complete_interview_flow.py:150: 
_ _ _ _ _ _ _ _ _ _ _ _ _ _ _ _ _ _ _ _ _ _ _ _ _ _ _ _ _ _ _ _ _ _ _ _ _ _ _ _ _ _ _ _ _ _ _ _ _ _ _ _ _ _ _ _ _ _ _ _ _ _ _ _ _ _ _ _ _ _ _ _ _ _ _ _ _ _ _ _ _ _ _ _ _ _ _ _ _ _ _ _ _ _ _ _ _ _ _ _ 
/usr/local/lib/python3.11/site-packages/starlette/testclient.py:546: in post
    return super().post(
/usr/local/lib/python3.11/site-packages/httpx/_client.py:1132: in post
    return self.request(
/usr/local/lib/python3.11/site-packages/starlette/testclient.py:445: in request
    return super().request(
/usr/local/lib/python3.11/site-packages/httpx/_client.py:814: in request
    return self.send(request, auth=auth, follow_redirects=follow_redirects)
/usr/local/lib/python3.11/site-packages/httpx/_client.py:901: in send
    response = self._send_handling_auth(
/usr/local/lib/python3.11/site-packages/httpx/_client.py:929: in _send_handling_auth
    response = self._send_handling_redirects(
/usr/local/lib/python3.11/site-packages/httpx/_client.py:966: in _send_handling_redirects
    response = self._send_single_request(request)
/usr/local/lib/python3.11/site-packages/httpx/_client.py:1002: in _send_single_request
    response = transport.handle_request(request)
/usr/local/lib/python3.11/site-packages/starlette/testclient.py:348: in handle_request
    raise exc
/usr/local/lib/python3.11/site-packages/starlette/testclient.py:345: in handle_request
    portal.call(self.app, scope, receive, send)
/usr/local/lib/python3.11/site-packages/anyio/from_thread.py:334: in call
    return cast(T_Retval, self.start_task_soon(func, *args).result())
/usr/local/lib/python3.11/concurrent/futures/_base.py:456: in result
    return self.__get_result()
/usr/local/lib/python3.11/concurrent/futures/_base.py:401: in __get_result
    raise self._exception
/usr/local/lib/python3.11/site-packages/anyio/from_thread.py:259: in _call_func
    retval = await retval_or_awaitable
/usr/local/lib/python3.11/site-packages/fastapi/applications.py:1134: in __call__
    await super().__call__(scope, receive, send)
/usr/local/lib/python3.11/site-packages/starlette/applications.py:107: in __call__
    await self.middleware_stack(scope, receive, send)
/usr/local/lib/python3.11/site-packages/starlette/middleware/errors.py:186: in __call__
    raise exc
/usr/local/lib/python3.11/site-packages/starlette/middleware/errors.py:164: in __call__
    await self.app(scope, receive, _send)
/usr/local/lib/python3.11/site-packages/starlette/middleware/base.py:191: in __call__
    with recv_stream, send_stream, collapse_excgroups():
/usr/local/lib/python3.11/contextlib.py:158: in __exit__
    self.gen.throw(typ, value, traceback)
[...]
ests.unit.test_question_bank_service.TestQuestionBankService" name="test_bulk_import_with_duplicates" time="0.006" /><testcase classname="tests.unit.test_real_time_feedback_service.TestRealTimeFeedbackService" name="test_build_metrics_with_volume" time="0.001" /><testcase classname="tests.unit.test_real_time_feedback_service.TestRealTimeFeedbackService" name="test_build_metrics_without_volume" time="0.001" /><testcase classname="tests.unit.test_real_time_feedback_service.TestRealTimeFeedbackService" name="test_create_error_feedback" time="0.001" /><testcase classname="tests.unit.test_real_time_feedback_service.TestRealTimeFeedbackService" name="test_process_audio_chunk_success" time="0.002" /><testcase classname="tests.unit.test_real_time_feedback_service.TestRealTimeFeedbackService" name="test_process_audio_chunk_error" time="0.002" /><testcase classname="tests.unit.test_real_time_feedback_service.TestRealTimeFeedbackService" name="test_process_transcript_chunk_success" time="0.001" /><testcase classname="tests.unit.test_real_time_feedback_service.TestRealTimeFeedbackService" name="test_process_transcript_chunk_with_ai_feedback" time="0.003" /><testcase classname="tests.unit.test_real_time_feedback_service.TestRealTimeFeedbackService" name="test_process_transcript_chunk_ai_unavailable" time="0.001" /><testcase classname="tests.unit.test_real_time_feedback_service.TestRealTimeFeedbackService" name="test_register_session" time="0.001" /><testcase classname="tests.unit.test_real_time_feedback_service.TestRealTimeFeedbackService" name="test_cleanup_session" time="0.001" /><testcase classname="tests.unit.test_real_time_feedback_service.TestRealTimeFeedbackService" name="test_get_session_info_nonexistent" time="0.000" /><testcase classname="tests.unit.test_real_time_feedback_service.TestRealTimeFeedbackService" name="test_generate_feedback_message_no_suggestions" time="0.001" /><testcase classname="tests.unit.test_real_time_feedback_service.TestRealTimeFeedbackService" name="test_generate_feedback_message_with_suggestions" time="0.001" /><testcase classname="tests.unit.test_scoring_models.TestGradeTier" name="test_grade_tier_values" time="0.000" /><testcase classname="tests.unit.test_scoring_models.TestSubDimensionScore" name="test_create_sub_dimension_score_valid" time="0.000" /><testcase classname="tests.unit.test_scoring_models.TestSubDimensionScore" name="test_sub_dimension_score_validation" time="0.000" /><testcase classname="tests.unit.test_scoring_models.TestSubDimensionScore" name="test_sub_dimension_score_defaults" time="0.000" /><testcase classname="tests.unit.test_scoring_models.TestVerbalCommunicationScores" name="test_create_verbal_communication_scores" time="0.000" /><testcase classname="tests.unit.test_scoring_models.TestVerbalCommunicationScores" name="test_verbal_communication_score_validation" time="0.001" /><testcase classname="tests.unit.test_scoring_models.TestInterviewReadinessScores" name="test_create_interview_readiness_scores" time="0.000" /><testcase classname="tests.unit.test_scoring_models.TestNonVerbalCommunicationScores" name="test_create_non_verbal_scores" time="0.000" /><testcase classname="tests.unit.test_scoring_models.TestAdaptabilityEngagementScores" name="test_create_adaptability_scores" time="0.001" /><testcase classname="tests.unit.test_scoring_models.TestEnhancedScoringRubric" name="test_create_enhanced_rubric" time="0.001" /><testcase classname="tests.unit.test_scoring_models.TestEnhancedScoringRubric" name="test_enhanced_rubric_total_score_validation" time="0.000" /><testcase classname="tests.unit.test_scoring_models.TestAgentScore" name="test_create_agent_score" time="0.000" /><testcase classname="tests.unit.test_scoring_models.TestAgentScore" name="test_agent_score_validation" time="0.000" /><testcase classname="tests.unit.test_scoring_models.TestScoringWeights" name="test_create_scoring_weights" time="0.001" /><testcase classname="tests.unit.test_scoring_models.TestScoringWeights" name="test_scoring_weights_defaults" time="0.001" /><testcase classname="tests.unit.test_scoring_utils.TestGradeTierCalculation" name="test_excellent_tier" time="0.000" /><testcase classname="tests.unit.test_scoring_utils.TestGradeTierCalculation" name="test_strong_tier" time="0.001" /><testcase classname="tests.unit.test_scoring_utils.TestGradeTierCalculation" name="test_average_tier" time="0.000" /><testcase classname="tests.unit.test_scoring_utils.TestGradeTierCalculation" name="test_at_risk_tier" time="0.000" /><testcase classname="tests.unit.test_scoring_utils.TestScoreConversion" name="test_convert_10_to_100" time="0.000" /><testcase classname="tests.unit.test_scoring_utils.TestScoreConversion" name="test_convert_10_to_100_clamping" time="0.000" /><testcase classname="tests.unit.test_scoring_utils.TestScoreConversion" name="test_convert_100_to_10" time="0.000" /><testcase classname="tests.unit.test_scoring_utils.TestScoreConversion" name="test_convert_100_to_10_clamping" time="0.000" /><testcase classname="tests.unit.test_scoring_utils.TestScoreConversion" name="test_conversion_roundtrip" time="0.000" /><testcase classname="tests.unit.test_scoring_utils.TestSubDimensionScore" name="test_create_sub_dimension_score_valid" time="0.001" /><testcase classname="tests.unit.test_scoring_utils.TestSubDimensionScore" name="test_create_sub_dimension_score_clamping" time="0.000" /><testcase classname="tests.unit.test_scoring_utils.TestSubDimensionScore" name="test_create_sub_dimension_score_defaults" time="0.000" /><testcase classname="tests.unit.test_scoring_utils.TestCategoryScoreCalculation" name="test_calculate_category_score" time="0.000" /><testcase classname="tests.unit.test_scoring_utils.TestCategoryScoreCalculation" name="test_calculate_category_score_max_limit" time="0.000" /><testcase classname="tests.unit.test_scoring_utils.TestCategoryScoreCalculation" name="test_calculate_category_score_min_limit" time="0.000" /><testcase classname="tests.unit.test_scoring_utils.TestTotalScoreCalculation" name="test_calculate_total_score" time="0.000" /><testcase classname="tests.unit.test_scoring_utils.TestParseEnhancedRubric" name="test_parse_enhanced_rubric_success" time="0.000" /><testcase classname="tests.unit.test_scoring_utils.TestParseEnhancedRubric" name="test_parse_enhanced_rubric_not_found" time="0.000" /><testcase classname="tests.unit.test_scoring_utils.TestParseEnhancedRubric" name="test_parse_enhanced_rubric_invalid_data" time="0.001" /><testcase classname="tests.unit.test_scoring_utils.TestCreateRubricFromLegacyScores" name="test_create_rubric_from_legacy_scores" time="0.000" /><testcase classname="tests.unit.test_scoring_utils.TestCreateRubricFromLegacyScores" name="test_create_rubric_from_legacy_scores_zero" time="0.000" /><testcase classname="tests.unit.test_scoring_utils.TestCreateRubricFromLegacyScores" name="test_create_rubric_from_legacy_scores_high" time="0.000" /><testcase classname="tests.unit.test_scoring_utils.TestCreateRubricFromLegacyScores" name="test_create_rubric_category_scores" time="0.001" /><testcase classname="tests.unit.test_scoring_utils.TestParseSubDimension" name="test_parse_sub_dimension" time="0.001" /><testcase classname="tests.unit.test_scoring_utils.TestParseSubDimension" name="test_parse_sub_dimension_missing" time="0.001" /><testcase classname="tests.unit.test_scoring_utils.TestParseSubDimension" name="test_parse_sub_dimension_partial" time="0.000" /><testcase classname="tests.unit.test_speech_analyzer.TestSpeechAnalyzer" name="test_analyze_transcript_empty" time="0.000" /><testcase classname="tests.unit.test_speech_analyzer.TestSpeechAnalyzer" name="test_analyze_transcript_basic" time="0.000" /><testcase classname="tests.unit.test_speech_analyzer.TestSpeechAnalyzer" name="test_analyze_transcript_with_filler_words" time="0.001" /><testcase classname="tests.unit.test_speech_analyzer.TestSpeechAnalyzer" name="test_analyze_transcript_pace_calculation" time="0.000" /><testcase classname="tests.unit.test_speech_analyzer.TestSpeechAnalyzer" name="test_analyze_transcript_pauses" time="0.001" /><testcase classname="tests.unit.test_speech_analyzer.TestSpeechAnalyzer" name="test_analyze_audio_chunk_with_transcript" time="0.000" /><testcase classname="tests.unit.test_speech_analyzer.TestSpeechAnalyzer" name="test_analyze_audio_chunk_without_transcript" time="0.001" /><testcase classname="tests.unit.test_speech_analyzer.TestSpeechAnalyzer" name="test_get_realtime_suggestions_slow_pace" time="0.001" /><testcase classname="tests.unit.test_speech_analyzer.TestSpeechAnalyzer" name="test_get_realtime_suggestions_fast_pace" time="0.001" /><testcase classname="tests.unit.test_speech_analyzer.TestSpeechAnalyzer" name="test_get_realtime_suggestions_filler_words" time="0.001" /><testcase classname="tests.unit.test_speech_analyzer.TestSpeechAnalyzer" name="test_get_realtime_suggestions_low_clarity" time="0.001" /><testcase classname="tests.unit.test_speech_analyzer.TestSpeechAnalyzer" name="test_get_realtime_suggestions_optimal" time="0.000" /><testcase classname="tests.unit.test_speech_analyzer.TestSpeechAnalyzer" name="test_reset" time="0.001" /><testcase classname="tests.unit.test_tts_configuration.TestTTSConfigurationSettings" name="test_default_tts_settings" time="0.000" /><testcase classname="tests.unit.test_tts_configuration.TestTTSConfigurationSettings" name="test_tts_settings_from_env" time="0.015" /><testcase classname="tests.unit.test_tts_configuration.TestTTSConfigurationValidation" name="test_valid_coqui_configuration" time="0.016" /><testcase classname="tests.unit.test_tts_configuration.TestTTSConfigurationValidation" name="test_invalid_tts_provider" time="0.016" /><testcase classname="tests.unit.test_tts_configuration.TestTTSConfigurationValidation" name="test_elevenlabs_missing_api_key" time="0.014" /><testcase classname="tests.unit.test_tts_configuration.TestTTSConfigurationValidation" name="test_elevenlabs_with_api_key" time="0.014" /><testcase classname="tests.unit.test_tts_configuration.TestTTSConfigurationValidation" name="test_playht_missing_credentials" time="0.014" /><testcase classname="tests.unit.test_tts_configuration.TestTTSConfigurationValidation" name="test_playht_with_credentials" time="0.014" /><testcase classname="tests.unit.test_tts_configuration.TestTTSConfigurationValidation" name="test_invalid_tts_format" time="0.016" /><testcase classname="tests.unit.test_tts_configuration.TestTTSConfigurationValidation" name="test_invalid_tts_voice_version" time="0.018" /><testcase classname="tests.unit.test_tts_configuration.TestTTSConfigurationValidation" name="test_invalid_tts_timeout" time="0.016" /><testcase classname="tests.unit.test_tts_configuration.TestTTSConfigurationValidation" name="test_invalid_tts_cache_ttl" time="0.014" /><testcase classname="tests.unit.test_tts_configuration.TestTTSConfigurationValidation" name="test_high_cache_ttl_warning" time="0.016" /><testcase classname="tests.unit.test_tts_configuration.TestTTSConfigurationValidation" name="test_unused_vendor_key_warning" time="0.015" /><testcase classname="tests.unit.test_tts_configuration.TestTTSConfigurationValidation" name="test_same_fallback_provider_warning" time="0.015" /><testcase classname="tests.unit.test_tts_configuration.TestTTSConfigurationValidation" name="test_short_api_key_warning" time="0.017" /><testcase classname="tests.unit.test_tts_configuration.TestTTSStartupValidation" name="test_startup_validation_with_valid_config" time="0.018" /><testcase classname="tests.unit.test_tts_configuration.TestTTSStartupValidation" name="test_startup_validation_with_invalid_config" time="0.019" /><testcase classname="tests.unit.test_tts_providers.TestCoquiTTSProvider" name="test_synthesize_success" time="0.005" /><testcase classname="tests.unit.test_tts_providers.TestCoquiTTSProvider" name="test_synthesize_timeout" time="0.004" /><testcase classname="tests.unit.test_tts_providers.TestCoquiTTSProvider" name="test_synthesize_invalid_text" time="0.003" /><testcase classname="tests.unit.test_tts_providers.TestCoquiTTSProvider" name="test_synthesize_invalid_format" time="0.001" /><testcase classname="tests.unit.test_tts_providers.TestCoquiTTSProvider" name="test_health_check_success" time="0.005" /><testcase classname="tests.unit.test_tts_providers.TestCoquiTTSProvider" name="test_health_check_failure" time="0.004" /><testcase classname="tests.unit.test_tts_providers.TestElevenLabsTTSProvider" name="test_synthesize_success" time="0.004" /><testcase classname="tests.unit.test_tts_providers.TestElevenLabsTTSProvider" name="test_synthesize_rate_limit" time="0.004" /><testcase classname="tests.unit.test_tts_providers.TestElevenLabsTTSProvider" name="test_synthesize_invalid_api_key" time="0.005" /><testcase classname="tests.unit.test_tts_providers.TestElevenLabsTTSProvider" name="test_missing_api_key" time="0.001" /><testcase classname="tests.unit.test_tts_providers.TestElevenLabsTTSProvider" name="test_health_check_success" time="0.004" /><testcase classname="tests.unit.test_tts_providers.TestPlayHTTTSProvider" name="test_synthesize_success" time="0.004" /><testcase classname="tests.unit.test_tts_providers.TestPlayHTTTSProvider" name="test_missing_api_key" time="0.001" /><testcase classname="tests.unit.test_tts_providers.TestPlayHTTTSProvider" name="test_missing_user_id" time="0.001" /><testcase classname="tests.unit.test_tts_providers.TestTTSProviderFactory" name="test_create_coqui_provider" time="0.001" /><testcase classname="tests.unit.test_tts_providers.TestTTSProviderFactory" name="test_create_elevenlabs_provider" time="0.001" /><testcase classname="tests.unit.test_tts_providers.TestTTSProviderFactory" name="test_create_elevenlabs_provider_missing_key" time="0.001" /><testcase classname="tests.unit.test_tts_providers.TestTTSProviderFactory" name="test_create_invalid_provider" time="0.001" /><testcase classname="tests.unit.test_tts_providers.TestTTSServiceRetryLogic" name="test_retry_succeeds_on_second_attempt" time="0.005" /><testcase classname="tests.unit.test_tts_providers.TestTTSServiceRetryLogic" name="test_retry_exhausts_all_attempts" time="0.008" /><testcase classname="tests.unit.test_tts_providers.TestTTSServiceRetryLogic" name="test_retry_skips_rate_limit_error" time="0.005"><failure message="app.services.tts.base.TTSProviderError: All TTS providers failed. Primary: elevenlabs, Fallback: none. Last error: Rate limit exceeded">self = &lt;tests.unit.test_tts_providers.TestTTSServiceRetryLogic object at 0xffff7229b710&gt;, mock_tts_settings = &lt;MagicMock name='get_settings()' id='281472562524432'&gt;

    @pytest.mark.unit
    @pytest.mark.asyncio
    async def test_retry_skips_rate_limit_error(self, mock_tts_settings):
        """Test retry logic doesn't retry on rate limit errors."""
        mock_tts_settings.TTS_PROVIDER = "elevenlabs"
        mock_tts_settings.ELEVENLABS_API_KEY = "valid-key-12345678901234567890"  # Required for provider init
    
        mock_provider = AsyncMock()
        mock_provider.synthesize = AsyncMock(
            side_effect=TTSProviderRateLimitError("Rate limit exceeded")
        )
    
        service = TTSService()
        service.primary_provider = mock_provider
        service.primary_provider_name = "elevenlabs"
        service.circuit_breakers["elevenlabs"] = CircuitBreaker()
    
        with pytest.raises(TTSProviderRateLimitError):
&gt;           await service.synthesize("Hello world", use_cache=False)

tests/unit/test_tts_providers.py:395: 
_ _ _ _ _ _ _ _ _ _ _ _ _ _ _ _ _ _ _ _ _ _ _ _ _ _ _ _ _ _ _ _ _ _ _ _ _ _ _ _ _ _ _ _ _ _ _ _ _ _ _ _ _ _ _ _ _ _ _ _ _ _ _ _ _ _ _ _ _ _ _ _ _ _ _ _ _ _ _ _ _ _ _ _ _ _ _ _ _ _ _ _ _ _ _ _ _ _ _ _ 
app/services/tts/service.py:399: in synthesize
    result = await _synthesize_internal()
_ _ _ _ _ _ _ _ _ _ _ _ _ _ _ _ _ _ _ _ _ _ _ _ _ _ _ _ _ _ _ _ _ _ _ _ _ _ _ _ _ _ _ _ _ _ _ _ _ _ _ _ _ _ _ _ _ _ _ _ _ _ _ _ _ _ _ _ _ _ _ _ _ _ _ _ _ _ _ _ _ _ _ _ _ _ _ _ _ _ _ _ _ _ _ _ _ _ _ _ 

    async def _synthesize_internal() -&gt; Dict:
        """Internal synthesis function for singleflight pattern."""
        # Try providers in order: primary -&gt; fallback
        providers = [
            (self.primary_provider, self.primary_provider_name, "Primary"),
            (self.fallback_provider, self.fallback_provider_name, "Fallback")
        ]
    
        last_error = None
        for provider, provider_name, provider_type in providers:
            if not provider:
                continue
    
            try:
                if provider_type == "Fallback":
                    logger.info(f"Trying fallback provider: {provider_name}")
    
                # Use _synthesize_with_provider which includes retry logic and circuit breaker
                audio_data = await self._synthesize_with_provider(
                    provider, provider_name, text, voice, audio_format, use_cache, **kwargs
                )
    
                # Return in format expected by voice cache
                return {
                    "audio_data": base64.b64encode(audio_data).decode('utf-8'),
                    "provider": provider_name
                }
            except Exception as e:
                logger.warning(f"{provider_type} provider failed: {e}")
                last_error = e
    
        # All providers failed - raise consistent error message
&gt;       raise TTSProviderError(
            f"All TTS providers failed. Primary: {self.primary_provider_name}, "
            f"Fallback: {self.fallback_provider_name or 'none'}"
            + (f". Last error: {last_error}" if last_error else "")
        )
E       app.services.tts.base.TTSProviderError: All TTS providers failed. Primary: elevenlabs, Fallback: none. Last error: Rate limit exceeded

app/services/tts/service.py:381: TTSProviderError</failure></testcase><testcase classname="tests.unit.test_tts_providers.TestTTSServiceRetryLogic" name="test_retry_exponential_backoff_delays" time="0.006" /><testcase classname="tests.unit.test_tts_providers.TestCircuitBreaker" name="test_circuit_breaker_closed_state" time="0.000" /><testcase classname="tests.unit.test_tts_providers.TestCircuitBreaker" name="test_circuit_breaker_opens_after_threshold" time="0.001" /><testcase classname="tests.unit.test_tts_providers.TestCircuitBreaker" name="test_circuit_breaker_resets_on_success" time="0.000" /><testcase classname="tests.unit.test_tts_providers.TestCircuitBreaker" name="test_circuit_breaker_half_open_state" time="0.001" /><testcase classname="tests.unit.test_voice_cache.TestVoiceCacheService" name="test_settings_hash_generation" time="0.001" /><testcase classname="tests.unit.test_voice_cache.TestVoiceCacheService" name="test_cache_key_generation" time="0.001" /><testcase classname="tests.unit.test_voice_cache.TestVoiceCacheService" name="test_get_cached_voice_miss" time="0.002" /><testcase classname="tests.unit.test_voice_cache.TestVoiceCacheService" name="test_cache_voice_and_get" time="0.001" /><testcase classname="tests.unit.test_voice_cache.TestVoiceCacheService" name="test_cache_with_audio_data" time="0.001" /><testcase classname="tests.unit.test_voice_cache.TestVoiceCacheService" name="test_singleflight_pattern" time="0.103" /><testcase classname="tests.unit.test_voice_cache.TestVoiceCacheService" name="test_singleflight_error_propagation" time="0.004" /><testcase classname="tests.unit.test_voice_cache.TestVoiceCacheService" name="test_cache_statistics" time="0.001" /><testcase classname="tests.unit.test_voice_cache.TestVoiceCacheService" name="test_reset_stats" time="0.002" /><testcase classname="tests.unit.test_voice_cache.TestVoiceCacheService" name="test_cache_disabled" time="0.002" /><testcase classname="tests.unit.test_voice_cache.TestVoiceCacheService" name="test_cache_key_with_hash_helper" time="0.002" /><testcase classname="tests.unit.test_voice_cache.TestVoiceCacheServiceGlobal" name="test_get_voice_cache_service_singleton" time="0.025" /></testsuite></testsuites>